  [1m[35m (268.9ms)[0m  [1m[35mCREATE DATABASE "user_json_api_development" ENCODING = 'unicode'[0m
  [1m[35m (111.5ms)[0m  [1m[35mCREATE DATABASE "user_json_api_test" ENCODING = 'unicode'[0m
  [1m[35m (12.1ms)[0m  [1m[35mCREATE TABLE "schema_migrations" ("version" character varying NOT NULL PRIMARY KEY)[0m
  [1m[35m (4.9ms)[0m  [1m[35mCREATE TABLE "ar_internal_metadata" ("key" character varying NOT NULL PRIMARY KEY, "value" character varying, "created_at" timestamp(6) NOT NULL, "updated_at" timestamp(6) NOT NULL)[0m
  [1m[35m (0.2ms)[0m  [1m[34mSELECT pg_try_advisory_lock(371696067228428775)[0m
  [1m[36mActiveRecord::SchemaMigration Pluck (0.7ms)[0m  [1m[34mSELECT "schema_migrations"."version" FROM "schema_migrations" ORDER BY "schema_migrations"."version" ASC[0m
Migrating to CreateUsers (20250103202819)
  [1m[36mTRANSACTION (0.3ms)[0m  [1m[35mBEGIN[0m
  [1m[35m (15.0ms)[0m  [1m[35mCREATE TABLE "users" ("id" bigserial primary key, "name" character varying, "email" character varying, "phone" character varying, "username" character varying, "address_id" bigint NOT NULL, "company_id" bigint NOT NULL, "created_at" timestamp(6) NOT NULL, "updated_at" timestamp(6) NOT NULL, CONSTRAINT "fk_rails_eb2fc738e4"
FOREIGN KEY ("address_id")
  REFERENCES "addresses" ("id")
, CONSTRAINT "fk_rails_7682a3bdfe"
FOREIGN KEY ("company_id")
  REFERENCES "companies" ("id")
)[0m
  [1m[36mTRANSACTION (0.2ms)[0m  [1m[31mROLLBACK[0m
  [1m[35m (0.3ms)[0m  [1m[34mSELECT pg_advisory_unlock(371696067228428775)[0m
  [1m[35m (0.1ms)[0m  [1m[34mSELECT pg_try_advisory_lock(371696067228428775)[0m
  [1m[36mActiveRecord::SchemaMigration Pluck (0.9ms)[0m  [1m[34mSELECT "schema_migrations"."version" FROM "schema_migrations" ORDER BY "schema_migrations"."version" ASC[0m
Migrating to CreateCompanies (20250103203551)
  [1m[36mTRANSACTION (0.2ms)[0m  [1m[35mBEGIN[0m
  [1m[35m (6.9ms)[0m  [1m[35mCREATE TABLE "companies" ("id" bigserial primary key, "name" character varying, "catch_phrase" character varying, "bs" character varying, "created_at" timestamp(6) NOT NULL, "updated_at" timestamp(6) NOT NULL)[0m
  [1m[36mActiveRecord::SchemaMigration Create (0.5ms)[0m  [1m[32mINSERT INTO "schema_migrations" ("version") VALUES ($1) RETURNING "version"[0m  [["version", "20250103203551"]]
  [1m[36mTRANSACTION (0.5ms)[0m  [1m[35mCOMMIT[0m
  [1m[36mActiveRecord::InternalMetadata Load (0.7ms)[0m  [1m[34mSELECT "ar_internal_metadata".* FROM "ar_internal_metadata" WHERE "ar_internal_metadata"."key" = $1 LIMIT $2[0m  [["key", "environment"], ["LIMIT", 1]]
  [1m[36mTRANSACTION (0.2ms)[0m  [1m[35mBEGIN[0m
  [1m[36mActiveRecord::InternalMetadata Create (1.6ms)[0m  [1m[32mINSERT INTO "ar_internal_metadata" ("key", "value", "created_at", "updated_at") VALUES ($1, $2, $3, $4) RETURNING "key"[0m  [["key", "environment"], ["value", "development"], ["created_at", "2025-01-03 20:49:00.544647"], ["updated_at", "2025-01-03 20:49:00.544647"]]
  [1m[36mTRANSACTION (0.3ms)[0m  [1m[35mCOMMIT[0m
  [1m[35m (0.2ms)[0m  [1m[34mSELECT pg_advisory_unlock(371696067228428775)[0m
  [1m[36mActiveRecord::SchemaMigration Pluck (0.6ms)[0m  [1m[34mSELECT "schema_migrations"."version" FROM "schema_migrations" ORDER BY "schema_migrations"."version" ASC[0m
  [1m[35m (0.2ms)[0m  [1m[34mSELECT pg_try_advisory_lock(371696067228428775)[0m
  [1m[36mActiveRecord::SchemaMigration Pluck (0.5ms)[0m  [1m[34mSELECT "schema_migrations"."version" FROM "schema_migrations" ORDER BY "schema_migrations"."version" ASC[0m
Migrating to CreateAddresses (20250103203545)
  [1m[36mTRANSACTION (0.1ms)[0m  [1m[35mBEGIN[0m
  [1m[35m (4.3ms)[0m  [1m[35mCREATE TABLE "addresses" ("id" bigserial primary key, "street" character varying, "suite" character varying, "city" character varying, "zipcode" character varying, "lat" character varying, "lng" character varying, "created_at" timestamp(6) NOT NULL, "updated_at" timestamp(6) NOT NULL)[0m
  [1m[36mActiveRecord::SchemaMigration Create (0.3ms)[0m  [1m[32mINSERT INTO "schema_migrations" ("version") VALUES ($1) RETURNING "version"[0m  [["version", "20250103203545"]]
  [1m[36mTRANSACTION (0.5ms)[0m  [1m[35mCOMMIT[0m
  [1m[36mActiveRecord::InternalMetadata Load (0.4ms)[0m  [1m[34mSELECT "ar_internal_metadata".* FROM "ar_internal_metadata" WHERE "ar_internal_metadata"."key" = $1 LIMIT $2[0m  [["key", "environment"], ["LIMIT", 1]]
  [1m[35m (0.3ms)[0m  [1m[34mSELECT pg_advisory_unlock(371696067228428775)[0m
  [1m[36mActiveRecord::SchemaMigration Pluck (0.6ms)[0m  [1m[34mSELECT "schema_migrations"."version" FROM "schema_migrations" ORDER BY "schema_migrations"."version" ASC[0m
  [1m[35m (0.2ms)[0m  [1m[34mSELECT pg_try_advisory_lock(371696067228428775)[0m
  [1m[36mActiveRecord::SchemaMigration Pluck (0.6ms)[0m  [1m[34mSELECT "schema_migrations"."version" FROM "schema_migrations" ORDER BY "schema_migrations"."version" ASC[0m
Migrating to CreateUsers (20250103202819)
  [1m[36mTRANSACTION (0.1ms)[0m  [1m[35mBEGIN[0m
  [1m[35m (9.9ms)[0m  [1m[35mCREATE TABLE "users" ("id" bigserial primary key, "name" character varying, "email" character varying, "phone" character varying, "username" character varying, "address_id" bigint NOT NULL, "company_id" bigint NOT NULL, "created_at" timestamp(6) NOT NULL, "updated_at" timestamp(6) NOT NULL, CONSTRAINT "fk_rails_eb2fc738e4"
FOREIGN KEY ("address_id")
  REFERENCES "addresses" ("id")
, CONSTRAINT "fk_rails_7682a3bdfe"
FOREIGN KEY ("company_id")
  REFERENCES "companies" ("id")
)[0m
  [1m[35m (0.9ms)[0m  [1m[35mCREATE INDEX "index_users_on_address_id" ON "users" ("address_id")[0m
  [1m[35m (0.9ms)[0m  [1m[35mCREATE INDEX "index_users_on_company_id" ON "users" ("company_id")[0m
  [1m[36mActiveRecord::SchemaMigration Create (0.3ms)[0m  [1m[32mINSERT INTO "schema_migrations" ("version") VALUES ($1) RETURNING "version"[0m  [["version", "20250103202819"]]
  [1m[36mTRANSACTION (0.4ms)[0m  [1m[35mCOMMIT[0m
  [1m[36mActiveRecord::InternalMetadata Load (0.3ms)[0m  [1m[34mSELECT "ar_internal_metadata".* FROM "ar_internal_metadata" WHERE "ar_internal_metadata"."key" = $1 LIMIT $2[0m  [["key", "environment"], ["LIMIT", 1]]
  [1m[35m (0.2ms)[0m  [1m[34mSELECT pg_advisory_unlock(371696067228428775)[0m
  [1m[36mActiveRecord::SchemaMigration Pluck (0.8ms)[0m  [1m[34mSELECT "schema_migrations"."version" FROM "schema_migrations" ORDER BY "schema_migrations"."version" ASC[0m
  [1m[36mUser Load (1.8ms)[0m  [1m[34mSELECT "users".* FROM "users"[0m
  [1m[36mAddress Load (1.3ms)[0m  [1m[34mSELECT "addresses".* FROM "addresses" WHERE "addresses"."street" = $1 AND "addresses"."suite" = $2 AND "addresses"."city" = $3 AND "addresses"."zipcode" = $4 AND "addresses"."lat" = $5 AND "addresses"."lng" = $6 LIMIT $7[0m  [["street", "Kulas Light"], ["suite", "Apt. 556"], ["city", "Gwenborough"], ["zipcode", "92998-3874"], ["lat", "-37.3159"], ["lng", "81.1496"], ["LIMIT", 1]]
  [1m[36mTRANSACTION (0.1ms)[0m  [1m[35mBEGIN[0m
  [1m[36mAddress Create (1.1ms)[0m  [1m[32mINSERT INTO "addresses" ("street", "suite", "city", "zipcode", "lat", "lng", "created_at", "updated_at") VALUES ($1, $2, $3, $4, $5, $6, $7, $8) RETURNING "id"[0m  [["street", "Kulas Light"], ["suite", "Apt. 556"], ["city", "Gwenborough"], ["zipcode", "92998-3874"], ["lat", "-37.3159"], ["lng", "81.1496"], ["created_at", "2025-01-03 22:10:38.006534"], ["updated_at", "2025-01-03 22:10:38.006534"]]
  [1m[36mTRANSACTION (1.3ms)[0m  [1m[35mCOMMIT[0m
  [1m[36mCompany Load (0.7ms)[0m  [1m[34mSELECT "companies".* FROM "companies" WHERE "companies"."name" = $1 AND "companies"."catch_phrase" = $2 AND "companies"."bs" = $3 LIMIT $4[0m  [["name", "Romaguera-Crona"], ["catch_phrase", "Multi-layered client-server neural-net"], ["bs", "harness real-time e-markets"], ["LIMIT", 1]]
  [1m[36mTRANSACTION (0.1ms)[0m  [1m[35mBEGIN[0m
  [1m[36mCompany Create (0.8ms)[0m  [1m[32mINSERT INTO "companies" ("name", "catch_phrase", "bs", "created_at", "updated_at") VALUES ($1, $2, $3, $4, $5) RETURNING "id"[0m  [["name", "Romaguera-Crona"], ["catch_phrase", "Multi-layered client-server neural-net"], ["bs", "harness real-time e-markets"], ["created_at", "2025-01-03 22:10:38.024291"], ["updated_at", "2025-01-03 22:10:38.024291"]]
  [1m[36mTRANSACTION (0.2ms)[0m  [1m[35mCOMMIT[0m
  [1m[36mTRANSACTION (0.1ms)[0m  [1m[35mBEGIN[0m
  [1m[36mUser Create (2.2ms)[0m  [1m[32mINSERT INTO "users" ("id", "name", "email", "phone", "username", "address_id", "company_id", "created_at", "updated_at") VALUES ($1, $2, $3, $4, $5, $6, $7, $8, $9) RETURNING "id"[0m  [["id", 1], ["name", "Leanne Graham"], ["email", "Sincere@april.biz"], ["phone", "1-770-736-8031 x56442"], ["username", "Bret"], ["address_id", 1], ["company_id", 1], ["created_at", "2025-01-03 22:10:38.059531"], ["updated_at", "2025-01-03 22:10:38.059531"]]
  [1m[36mTRANSACTION (0.3ms)[0m  [1m[35mCOMMIT[0m
  [1m[36mAddress Load (0.2ms)[0m  [1m[34mSELECT "addresses".* FROM "addresses" WHERE "addresses"."street" = $1 AND "addresses"."suite" = $2 AND "addresses"."city" = $3 AND "addresses"."zipcode" = $4 AND "addresses"."lat" = $5 AND "addresses"."lng" = $6 LIMIT $7[0m  [["street", "Victor Plains"], ["suite", "Suite 879"], ["city", "Wisokyburgh"], ["zipcode", "90566-7771"], ["lat", "-43.9509"], ["lng", "-34.4618"], ["LIMIT", 1]]
  [1m[36mTRANSACTION (0.1ms)[0m  [1m[35mBEGIN[0m
  [1m[36mAddress Create (0.2ms)[0m  [1m[32mINSERT INTO "addresses" ("street", "suite", "city", "zipcode", "lat", "lng", "created_at", "updated_at") VALUES ($1, $2, $3, $4, $5, $6, $7, $8) RETURNING "id"[0m  [["street", "Victor Plains"], ["suite", "Suite 879"], ["city", "Wisokyburgh"], ["zipcode", "90566-7771"], ["lat", "-43.9509"], ["lng", "-34.4618"], ["created_at", "2025-01-03 22:10:38.064421"], ["updated_at", "2025-01-03 22:10:38.064421"]]
  [1m[36mTRANSACTION (0.2ms)[0m  [1m[35mCOMMIT[0m
  [1m[36mCompany Load (0.2ms)[0m  [1m[34mSELECT "companies".* FROM "companies" WHERE "companies"."name" = $1 AND "companies"."catch_phrase" = $2 AND "companies"."bs" = $3 LIMIT $4[0m  [["name", "Deckow-Crist"], ["catch_phrase", "Proactive didactic contingency"], ["bs", "synergize scalable supply-chains"], ["LIMIT", 1]]
  [1m[36mTRANSACTION (0.2ms)[0m  [1m[35mBEGIN[0m
  [1m[36mCompany Create (0.2ms)[0m  [1m[32mINSERT INTO "companies" ("name", "catch_phrase", "bs", "created_at", "updated_at") VALUES ($1, $2, $3, $4, $5) RETURNING "id"[0m  [["name", "Deckow-Crist"], ["catch_phrase", "Proactive didactic contingency"], ["bs", "synergize scalable supply-chains"], ["created_at", "2025-01-03 22:10:38.066820"], ["updated_at", "2025-01-03 22:10:38.066820"]]
  [1m[36mTRANSACTION (0.2ms)[0m  [1m[35mCOMMIT[0m
  [1m[36mTRANSACTION (0.1ms)[0m  [1m[35mBEGIN[0m
  [1m[36mUser Create (0.4ms)[0m  [1m[32mINSERT INTO "users" ("id", "name", "email", "phone", "username", "address_id", "company_id", "created_at", "updated_at") VALUES ($1, $2, $3, $4, $5, $6, $7, $8, $9) RETURNING "id"[0m  [["id", 2], ["name", "Ervin Howell"], ["email", "Shanna@melissa.tv"], ["phone", "010-692-6593 x09125"], ["username", "Antonette"], ["address_id", 2], ["company_id", 2], ["created_at", "2025-01-03 22:10:38.068765"], ["updated_at", "2025-01-03 22:10:38.068765"]]
  [1m[36mTRANSACTION (0.3ms)[0m  [1m[35mCOMMIT[0m
  [1m[36mAddress Load (0.2ms)[0m  [1m[34mSELECT "addresses".* FROM "addresses" WHERE "addresses"."street" = $1 AND "addresses"."suite" = $2 AND "addresses"."city" = $3 AND "addresses"."zipcode" = $4 AND "addresses"."lat" = $5 AND "addresses"."lng" = $6 LIMIT $7[0m  [["street", "Douglas Extension"], ["suite", "Suite 847"], ["city", "McKenziehaven"], ["zipcode", "59590-4157"], ["lat", "-68.6102"], ["lng", "-47.0653"], ["LIMIT", 1]]
  [1m[36mTRANSACTION (0.1ms)[0m  [1m[35mBEGIN[0m
  [1m[36mAddress Create (0.2ms)[0m  [1m[32mINSERT INTO "addresses" ("street", "suite", "city", "zipcode", "lat", "lng", "created_at", "updated_at") VALUES ($1, $2, $3, $4, $5, $6, $7, $8) RETURNING "id"[0m  [["street", "Douglas Extension"], ["suite", "Suite 847"], ["city", "McKenziehaven"], ["zipcode", "59590-4157"], ["lat", "-68.6102"], ["lng", "-47.0653"], ["created_at", "2025-01-03 22:10:38.071619"], ["updated_at", "2025-01-03 22:10:38.071619"]]
  [1m[36mTRANSACTION (0.2ms)[0m  [1m[35mCOMMIT[0m
  [1m[36mCompany Load (0.1ms)[0m  [1m[34mSELECT "companies".* FROM "companies" WHERE "companies"."name" = $1 AND "companies"."catch_phrase" = $2 AND "companies"."bs" = $3 LIMIT $4[0m  [["name", "Romaguera-Jacobson"], ["catch_phrase", "Face to face bifurcated interface"], ["bs", "e-enable strategic applications"], ["LIMIT", 1]]
  [1m[36mTRANSACTION (0.1ms)[0m  [1m[35mBEGIN[0m
  [1m[36mCompany Create (0.2ms)[0m  [1m[32mINSERT INTO "companies" ("name", "catch_phrase", "bs", "created_at", "updated_at") VALUES ($1, $2, $3, $4, $5) RETURNING "id"[0m  [["name", "Romaguera-Jacobson"], ["catch_phrase", "Face to face bifurcated interface"], ["bs", "e-enable strategic applications"], ["created_at", "2025-01-03 22:10:38.073872"], ["updated_at", "2025-01-03 22:10:38.073872"]]
  [1m[36mTRANSACTION (0.2ms)[0m  [1m[35mCOMMIT[0m
  [1m[36mTRANSACTION (0.1ms)[0m  [1m[35mBEGIN[0m
  [1m[36mUser Create (0.4ms)[0m  [1m[32mINSERT INTO "users" ("id", "name", "email", "phone", "username", "address_id", "company_id", "created_at", "updated_at") VALUES ($1, $2, $3, $4, $5, $6, $7, $8, $9) RETURNING "id"[0m  [["id", 3], ["name", "Clementine Bauch"], ["email", "Nathan@yesenia.net"], ["phone", "1-463-123-4447"], ["username", "Samantha"], ["address_id", 3], ["company_id", 3], ["created_at", "2025-01-03 22:10:38.075432"], ["updated_at", "2025-01-03 22:10:38.075432"]]
  [1m[36mTRANSACTION (0.2ms)[0m  [1m[35mCOMMIT[0m
  [1m[36mAddress Load (0.2ms)[0m  [1m[34mSELECT "addresses".* FROM "addresses" WHERE "addresses"."street" = $1 AND "addresses"."suite" = $2 AND "addresses"."city" = $3 AND "addresses"."zipcode" = $4 AND "addresses"."lat" = $5 AND "addresses"."lng" = $6 LIMIT $7[0m  [["street", "Hoeger Mall"], ["suite", "Apt. 692"], ["city", "South Elvis"], ["zipcode", "53919-4257"], ["lat", "29.4572"], ["lng", "-164.2990"], ["LIMIT", 1]]
  [1m[36mTRANSACTION (0.1ms)[0m  [1m[35mBEGIN[0m
  [1m[36mAddress Create (0.2ms)[0m  [1m[32mINSERT INTO "addresses" ("street", "suite", "city", "zipcode", "lat", "lng", "created_at", "updated_at") VALUES ($1, $2, $3, $4, $5, $6, $7, $8) RETURNING "id"[0m  [["street", "Hoeger Mall"], ["suite", "Apt. 692"], ["city", "South Elvis"], ["zipcode", "53919-4257"], ["lat", "29.4572"], ["lng", "-164.2990"], ["created_at", "2025-01-03 22:10:38.078150"], ["updated_at", "2025-01-03 22:10:38.078150"]]
  [1m[36mTRANSACTION (0.3ms)[0m  [1m[35mCOMMIT[0m
  [1m[36mCompany Load (0.2ms)[0m  [1m[34mSELECT "companies".* FROM "companies" WHERE "companies"."name" = $1 AND "companies"."catch_phrase" = $2 AND "companies"."bs" = $3 LIMIT $4[0m  [["name", "Robel-Corkery"], ["catch_phrase", "Multi-tiered zero tolerance productivity"], ["bs", "transition cutting-edge web services"], ["LIMIT", 1]]
  [1m[36mTRANSACTION (0.1ms)[0m  [1m[35mBEGIN[0m
  [1m[36mCompany Create (0.2ms)[0m  [1m[32mINSERT INTO "companies" ("name", "catch_phrase", "bs", "created_at", "updated_at") VALUES ($1, $2, $3, $4, $5) RETURNING "id"[0m  [["name", "Robel-Corkery"], ["catch_phrase", "Multi-tiered zero tolerance productivity"], ["bs", "transition cutting-edge web services"], ["created_at", "2025-01-03 22:10:38.080698"], ["updated_at", "2025-01-03 22:10:38.080698"]]
  [1m[36mTRANSACTION (0.3ms)[0m  [1m[35mCOMMIT[0m
  [1m[36mTRANSACTION (0.1ms)[0m  [1m[35mBEGIN[0m
  [1m[36mUser Create (0.8ms)[0m  [1m[32mINSERT INTO "users" ("id", "name", "email", "phone", "username", "address_id", "company_id", "created_at", "updated_at") VALUES ($1, $2, $3, $4, $5, $6, $7, $8, $9) RETURNING "id"[0m  [["id", 4], ["name", "Patricia Lebsack"], ["email", "Julianne.OConner@kory.org"], ["phone", "493-170-9623 x156"], ["username", "Karianne"], ["address_id", 4], ["company_id", 4], ["created_at", "2025-01-03 22:10:38.082359"], ["updated_at", "2025-01-03 22:10:38.082359"]]
  [1m[36mTRANSACTION (0.5ms)[0m  [1m[35mCOMMIT[0m
  [1m[36mAddress Load (0.4ms)[0m  [1m[34mSELECT "addresses".* FROM "addresses" WHERE "addresses"."street" = $1 AND "addresses"."suite" = $2 AND "addresses"."city" = $3 AND "addresses"."zipcode" = $4 AND "addresses"."lat" = $5 AND "addresses"."lng" = $6 LIMIT $7[0m  [["street", "Skiles Walks"], ["suite", "Suite 351"], ["city", "Roscoeview"], ["zipcode", "33263"], ["lat", "-31.8129"], ["lng", "62.5342"], ["LIMIT", 1]]
  [1m[36mTRANSACTION (0.1ms)[0m  [1m[35mBEGIN[0m
  [1m[36mAddress Create (0.3ms)[0m  [1m[32mINSERT INTO "addresses" ("street", "suite", "city", "zipcode", "lat", "lng", "created_at", "updated_at") VALUES ($1, $2, $3, $4, $5, $6, $7, $8) RETURNING "id"[0m  [["street", "Skiles Walks"], ["suite", "Suite 351"], ["city", "Roscoeview"], ["zipcode", "33263"], ["lat", "-31.8129"], ["lng", "62.5342"], ["created_at", "2025-01-03 22:10:38.086900"], ["updated_at", "2025-01-03 22:10:38.086900"]]
  [1m[36mTRANSACTION (0.2ms)[0m  [1m[35mCOMMIT[0m
  [1m[36mCompany Load (0.2ms)[0m  [1m[34mSELECT "companies".* FROM "companies" WHERE "companies"."name" = $1 AND "companies"."catch_phrase" = $2 AND "companies"."bs" = $3 LIMIT $4[0m  [["name", "Keebler LLC"], ["catch_phrase", "User-centric fault-tolerant solution"], ["bs", "revolutionize end-to-end systems"], ["LIMIT", 1]]
  [1m[36mTRANSACTION (0.1ms)[0m  [1m[35mBEGIN[0m
  [1m[36mCompany Create (0.2ms)[0m  [1m[32mINSERT INTO "companies" ("name", "catch_phrase", "bs", "created_at", "updated_at") VALUES ($1, $2, $3, $4, $5) RETURNING "id"[0m  [["name", "Keebler LLC"], ["catch_phrase", "User-centric fault-tolerant solution"], ["bs", "revolutionize end-to-end systems"], ["created_at", "2025-01-03 22:10:38.089418"], ["updated_at", "2025-01-03 22:10:38.089418"]]
  [1m[36mTRANSACTION (0.3ms)[0m  [1m[35mCOMMIT[0m
  [1m[36mTRANSACTION (0.1ms)[0m  [1m[35mBEGIN[0m
  [1m[36mUser Create (0.4ms)[0m  [1m[32mINSERT INTO "users" ("id", "name", "email", "phone", "username", "address_id", "company_id", "created_at", "updated_at") VALUES ($1, $2, $3, $4, $5, $6, $7, $8, $9) RETURNING "id"[0m  [["id", 5], ["name", "Chelsey Dietrich"], ["email", "Lucio_Hettinger@annie.ca"], ["phone", "(254)954-1289"], ["username", "Kamren"], ["address_id", 5], ["company_id", 5], ["created_at", "2025-01-03 22:10:38.091024"], ["updated_at", "2025-01-03 22:10:38.091024"]]
  [1m[36mTRANSACTION (0.3ms)[0m  [1m[35mCOMMIT[0m
  [1m[36mAddress Load (0.2ms)[0m  [1m[34mSELECT "addresses".* FROM "addresses" WHERE "addresses"."street" = $1 AND "addresses"."suite" = $2 AND "addresses"."city" = $3 AND "addresses"."zipcode" = $4 AND "addresses"."lat" = $5 AND "addresses"."lng" = $6 LIMIT $7[0m  [["street", "Norberto Crossing"], ["suite", "Apt. 950"], ["city", "South Christy"], ["zipcode", "23505-1337"], ["lat", "-71.4197"], ["lng", "71.7478"], ["LIMIT", 1]]
  [1m[36mTRANSACTION (0.1ms)[0m  [1m[35mBEGIN[0m
  [1m[36mAddress Create (0.2ms)[0m  [1m[32mINSERT INTO "addresses" ("street", "suite", "city", "zipcode", "lat", "lng", "created_at", "updated_at") VALUES ($1, $2, $3, $4, $5, $6, $7, $8) RETURNING "id"[0m  [["street", "Norberto Crossing"], ["suite", "Apt. 950"], ["city", "South Christy"], ["zipcode", "23505-1337"], ["lat", "-71.4197"], ["lng", "71.7478"], ["created_at", "2025-01-03 22:10:38.093858"], ["updated_at", "2025-01-03 22:10:38.093858"]]
  [1m[36mTRANSACTION (0.2ms)[0m  [1m[35mCOMMIT[0m
  [1m[36mCompany Load (0.2ms)[0m  [1m[34mSELECT "companies".* FROM "companies" WHERE "companies"."name" = $1 AND "companies"."catch_phrase" = $2 AND "companies"."bs" = $3 LIMIT $4[0m  [["name", "Considine-Lockman"], ["catch_phrase", "Synchronised bottom-line interface"], ["bs", "e-enable innovative applications"], ["LIMIT", 1]]
  [1m[36mTRANSACTION (0.1ms)[0m  [1m[35mBEGIN[0m
  [1m[36mCompany Create (0.3ms)[0m  [1m[32mINSERT INTO "companies" ("name", "catch_phrase", "bs", "created_at", "updated_at") VALUES ($1, $2, $3, $4, $5) RETURNING "id"[0m  [["name", "Considine-Lockman"], ["catch_phrase", "Synchronised bottom-line interface"], ["bs", "e-enable innovative applications"], ["created_at", "2025-01-03 22:10:38.096076"], ["updated_at", "2025-01-03 22:10:38.096076"]]
  [1m[36mTRANSACTION (0.2ms)[0m  [1m[35mCOMMIT[0m
  [1m[36mTRANSACTION (0.1ms)[0m  [1m[35mBEGIN[0m
  [1m[36mUser Create (0.3ms)[0m  [1m[32mINSERT INTO "users" ("id", "name", "email", "phone", "username", "address_id", "company_id", "created_at", "updated_at") VALUES ($1, $2, $3, $4, $5, $6, $7, $8, $9) RETURNING "id"[0m  [["id", 6], ["name", "Mrs. Dennis Schulist"], ["email", "Karley_Dach@jasper.info"], ["phone", "1-477-935-8478 x6430"], ["username", "Leopoldo_Corkery"], ["address_id", 6], ["company_id", 6], ["created_at", "2025-01-03 22:10:38.097659"], ["updated_at", "2025-01-03 22:10:38.097659"]]
  [1m[36mTRANSACTION (0.2ms)[0m  [1m[35mCOMMIT[0m
  [1m[36mAddress Load (0.1ms)[0m  [1m[34mSELECT "addresses".* FROM "addresses" WHERE "addresses"."street" = $1 AND "addresses"."suite" = $2 AND "addresses"."city" = $3 AND "addresses"."zipcode" = $4 AND "addresses"."lat" = $5 AND "addresses"."lng" = $6 LIMIT $7[0m  [["street", "Rex Trail"], ["suite", "Suite 280"], ["city", "Howemouth"], ["zipcode", "58804-1099"], ["lat", "24.8918"], ["lng", "21.8984"], ["LIMIT", 1]]
  [1m[36mTRANSACTION (0.2ms)[0m  [1m[35mBEGIN[0m
  [1m[36mAddress Create (0.3ms)[0m  [1m[32mINSERT INTO "addresses" ("street", "suite", "city", "zipcode", "lat", "lng", "created_at", "updated_at") VALUES ($1, $2, $3, $4, $5, $6, $7, $8) RETURNING "id"[0m  [["street", "Rex Trail"], ["suite", "Suite 280"], ["city", "Howemouth"], ["zipcode", "58804-1099"], ["lat", "24.8918"], ["lng", "21.8984"], ["created_at", "2025-01-03 22:10:38.100200"], ["updated_at", "2025-01-03 22:10:38.100200"]]
  [1m[36mTRANSACTION (0.4ms)[0m  [1m[35mCOMMIT[0m
  [1m[36mCompany Load (0.2ms)[0m  [1m[34mSELECT "companies".* FROM "companies" WHERE "companies"."name" = $1 AND "companies"."catch_phrase" = $2 AND "companies"."bs" = $3 LIMIT $4[0m  [["name", "Johns Group"], ["catch_phrase", "Configurable multimedia task-force"], ["bs", "generate enterprise e-tailers"], ["LIMIT", 1]]
  [1m[36mTRANSACTION (0.1ms)[0m  [1m[35mBEGIN[0m
  [1m[36mCompany Create (0.2ms)[0m  [1m[32mINSERT INTO "companies" ("name", "catch_phrase", "bs", "created_at", "updated_at") VALUES ($1, $2, $3, $4, $5) RETURNING "id"[0m  [["name", "Johns Group"], ["catch_phrase", "Configurable multimedia task-force"], ["bs", "generate enterprise e-tailers"], ["created_at", "2025-01-03 22:10:38.103565"], ["updated_at", "2025-01-03 22:10:38.103565"]]
  [1m[36mTRANSACTION (0.3ms)[0m  [1m[35mCOMMIT[0m
  [1m[36mTRANSACTION (0.1ms)[0m  [1m[35mBEGIN[0m
  [1m[36mUser Create (0.2ms)[0m  [1m[32mINSERT INTO "users" ("id", "name", "email", "phone", "username", "address_id", "company_id", "created_at", "updated_at") VALUES ($1, $2, $3, $4, $5, $6, $7, $8, $9) RETURNING "id"[0m  [["id", 7], ["name", "Kurtis Weissnat"], ["email", "Telly.Hoeger@billy.biz"], ["phone", "210.067.6132"], ["username", "Elwyn.Skiles"], ["address_id", 7], ["company_id", 7], ["created_at", "2025-01-03 22:10:38.105148"], ["updated_at", "2025-01-03 22:10:38.105148"]]
  [1m[36mTRANSACTION (0.2ms)[0m  [1m[35mCOMMIT[0m
  [1m[36mAddress Load (0.1ms)[0m  [1m[34mSELECT "addresses".* FROM "addresses" WHERE "addresses"."street" = $1 AND "addresses"."suite" = $2 AND "addresses"."city" = $3 AND "addresses"."zipcode" = $4 AND "addresses"."lat" = $5 AND "addresses"."lng" = $6 LIMIT $7[0m  [["street", "Ellsworth Summit"], ["suite", "Suite 729"], ["city", "Aliyaview"], ["zipcode", "45169"], ["lat", "-14.3990"], ["lng", "-120.7677"], ["LIMIT", 1]]
  [1m[36mTRANSACTION (0.1ms)[0m  [1m[35mBEGIN[0m
  [1m[36mAddress Create (0.2ms)[0m  [1m[32mINSERT INTO "addresses" ("street", "suite", "city", "zipcode", "lat", "lng", "created_at", "updated_at") VALUES ($1, $2, $3, $4, $5, $6, $7, $8) RETURNING "id"[0m  [["street", "Ellsworth Summit"], ["suite", "Suite 729"], ["city", "Aliyaview"], ["zipcode", "45169"], ["lat", "-14.3990"], ["lng", "-120.7677"], ["created_at", "2025-01-03 22:10:38.107388"], ["updated_at", "2025-01-03 22:10:38.107388"]]
  [1m[36mTRANSACTION (0.5ms)[0m  [1m[35mCOMMIT[0m
  [1m[36mCompany Load (0.3ms)[0m  [1m[34mSELECT "companies".* FROM "companies" WHERE "companies"."name" = $1 AND "companies"."catch_phrase" = $2 AND "companies"."bs" = $3 LIMIT $4[0m  [["name", "Abernathy Group"], ["catch_phrase", "Implemented secondary concept"], ["bs", "e-enable extensible e-tailers"], ["LIMIT", 1]]
  [1m[36mTRANSACTION (14.7ms)[0m  [1m[35mBEGIN[0m
  [1m[36mCompany Create (14.1ms)[0m  [1m[32mINSERT INTO "companies" ("name", "catch_phrase", "bs", "created_at", "updated_at") VALUES ($1, $2, $3, $4, $5) RETURNING "id"[0m  [["name", "Abernathy Group"], ["catch_phrase", "Implemented secondary concept"], ["bs", "e-enable extensible e-tailers"], ["created_at", "2025-01-03 22:10:38.142417"], ["updated_at", "2025-01-03 22:10:38.142417"]]
  [1m[36mTRANSACTION (0.7ms)[0m  [1m[35mCOMMIT[0m
  [1m[36mTRANSACTION (0.2ms)[0m  [1m[35mBEGIN[0m
  [1m[36mUser Create (0.4ms)[0m  [1m[32mINSERT INTO "users" ("id", "name", "email", "phone", "username", "address_id", "company_id", "created_at", "updated_at") VALUES ($1, $2, $3, $4, $5, $6, $7, $8, $9) RETURNING "id"[0m  [["id", 8], ["name", "Nicholas Runolfsdottir V"], ["email", "Sherwood@rosamond.me"], ["phone", "586.493.6943 x140"], ["username", "Maxime_Nienow"], ["address_id", 8], ["company_id", 8], ["created_at", "2025-01-03 22:10:38.175297"], ["updated_at", "2025-01-03 22:10:38.175297"]]
  [1m[36mTRANSACTION (0.3ms)[0m  [1m[35mCOMMIT[0m
  [1m[36mAddress Load (0.2ms)[0m  [1m[34mSELECT "addresses".* FROM "addresses" WHERE "addresses"."street" = $1 AND "addresses"."suite" = $2 AND "addresses"."city" = $3 AND "addresses"."zipcode" = $4 AND "addresses"."lat" = $5 AND "addresses"."lng" = $6 LIMIT $7[0m  [["street", "Dayna Park"], ["suite", "Suite 449"], ["city", "Bartholomebury"], ["zipcode", "76495-3109"], ["lat", "24.6463"], ["lng", "-168.8889"], ["LIMIT", 1]]
  [1m[36mTRANSACTION (0.1ms)[0m  [1m[35mBEGIN[0m
  [1m[36mAddress Create (0.3ms)[0m  [1m[32mINSERT INTO "addresses" ("street", "suite", "city", "zipcode", "lat", "lng", "created_at", "updated_at") VALUES ($1, $2, $3, $4, $5, $6, $7, $8) RETURNING "id"[0m  [["street", "Dayna Park"], ["suite", "Suite 449"], ["city", "Bartholomebury"], ["zipcode", "76495-3109"], ["lat", "24.6463"], ["lng", "-168.8889"], ["created_at", "2025-01-03 22:10:38.178630"], ["updated_at", "2025-01-03 22:10:38.178630"]]
  [1m[36mTRANSACTION (0.3ms)[0m  [1m[35mCOMMIT[0m
  [1m[36mCompany Load (2.1ms)[0m  [1m[34mSELECT "companies".* FROM "companies" WHERE "companies"."name" = $1 AND "companies"."catch_phrase" = $2 AND "companies"."bs" = $3 LIMIT $4[0m  [["name", "Yost and Sons"], ["catch_phrase", "Switchable contextually-based project"], ["bs", "aggregate real-time technologies"], ["LIMIT", 1]]
  [1m[36mTRANSACTION (0.1ms)[0m  [1m[35mBEGIN[0m
  [1m[36mCompany Create (0.3ms)[0m  [1m[32mINSERT INTO "companies" ("name", "catch_phrase", "bs", "created_at", "updated_at") VALUES ($1, $2, $3, $4, $5) RETURNING "id"[0m  [["name", "Yost and Sons"], ["catch_phrase", "Switchable contextually-based project"], ["bs", "aggregate real-time technologies"], ["created_at", "2025-01-03 22:10:38.197104"], ["updated_at", "2025-01-03 22:10:38.197104"]]
  [1m[36mTRANSACTION (0.3ms)[0m  [1m[35mCOMMIT[0m
  [1m[36mTRANSACTION (0.1ms)[0m  [1m[35mBEGIN[0m
  [1m[36mUser Create (0.3ms)[0m  [1m[32mINSERT INTO "users" ("id", "name", "email", "phone", "username", "address_id", "company_id", "created_at", "updated_at") VALUES ($1, $2, $3, $4, $5, $6, $7, $8, $9) RETURNING "id"[0m  [["id", 9], ["name", "Glenna Reichert"], ["email", "Chaim_McDermott@dana.io"], ["phone", "(775)976-6794 x41206"], ["username", "Delphine"], ["address_id", 9], ["company_id", 9], ["created_at", "2025-01-03 22:10:38.199017"], ["updated_at", "2025-01-03 22:10:38.199017"]]
  [1m[36mTRANSACTION (0.4ms)[0m  [1m[35mCOMMIT[0m
  [1m[36mAddress Load (0.2ms)[0m  [1m[34mSELECT "addresses".* FROM "addresses" WHERE "addresses"."street" = $1 AND "addresses"."suite" = $2 AND "addresses"."city" = $3 AND "addresses"."zipcode" = $4 AND "addresses"."lat" = $5 AND "addresses"."lng" = $6 LIMIT $7[0m  [["street", "Kattie Turnpike"], ["suite", "Suite 198"], ["city", "Lebsackbury"], ["zipcode", "31428-2261"], ["lat", "-38.2386"], ["lng", "57.2232"], ["LIMIT", 1]]
  [1m[36mTRANSACTION (0.1ms)[0m  [1m[35mBEGIN[0m
  [1m[36mAddress Create (0.3ms)[0m  [1m[32mINSERT INTO "addresses" ("street", "suite", "city", "zipcode", "lat", "lng", "created_at", "updated_at") VALUES ($1, $2, $3, $4, $5, $6, $7, $8) RETURNING "id"[0m  [["street", "Kattie Turnpike"], ["suite", "Suite 198"], ["city", "Lebsackbury"], ["zipcode", "31428-2261"], ["lat", "-38.2386"], ["lng", "57.2232"], ["created_at", "2025-01-03 22:10:38.202134"], ["updated_at", "2025-01-03 22:10:38.202134"]]
  [1m[36mTRANSACTION (0.3ms)[0m  [1m[35mCOMMIT[0m
  [1m[36mCompany Load (0.1ms)[0m  [1m[34mSELECT "companies".* FROM "companies" WHERE "companies"."name" = $1 AND "companies"."catch_phrase" = $2 AND "companies"."bs" = $3 LIMIT $4[0m  [["name", "Hoeger LLC"], ["catch_phrase", "Centralized empowering task-force"], ["bs", "target end-to-end models"], ["LIMIT", 1]]
  [1m[36mTRANSACTION (0.1ms)[0m  [1m[35mBEGIN[0m
  [1m[36mCompany Create (0.2ms)[0m  [1m[32mINSERT INTO "companies" ("name", "catch_phrase", "bs", "created_at", "updated_at") VALUES ($1, $2, $3, $4, $5) RETURNING "id"[0m  [["name", "Hoeger LLC"], ["catch_phrase", "Centralized empowering task-force"], ["bs", "target end-to-end models"], ["created_at", "2025-01-03 22:10:38.204697"], ["updated_at", "2025-01-03 22:10:38.204697"]]
  [1m[36mTRANSACTION (0.3ms)[0m  [1m[35mCOMMIT[0m
  [1m[36mTRANSACTION (0.1ms)[0m  [1m[35mBEGIN[0m
  [1m[36mUser Create (0.3ms)[0m  [1m[32mINSERT INTO "users" ("id", "name", "email", "phone", "username", "address_id", "company_id", "created_at", "updated_at") VALUES ($1, $2, $3, $4, $5, $6, $7, $8, $9) RETURNING "id"[0m  [["id", 10], ["name", "Clementina DuBuque"], ["email", "Rey.Padberg@karina.biz"], ["phone", "024-648-3804"], ["username", "Moriah.Stanton"], ["address_id", 10], ["company_id", 10], ["created_at", "2025-01-03 22:10:38.206353"], ["updated_at", "2025-01-03 22:10:38.206353"]]
  [1m[36mTRANSACTION (0.2ms)[0m  [1m[35mCOMMIT[0m
  [1m[36mUser Count (3.0ms)[0m  [1m[34mSELECT COUNT(*) FROM "users"[0m
  [1m[36mUser Load (0.3ms)[0m  [1m[34mSELECT "users".* FROM "users" ORDER BY "users"."id" ASC LIMIT $1[0m  [["LIMIT", 1]]
  [1m[36mAddress Load (0.3ms)[0m  [1m[34mSELECT "addresses".* FROM "addresses" WHERE "addresses"."id" = $1 LIMIT $2[0m  [["id", 1], ["LIMIT", 1]]
  [1m[36mCompany Load (0.3ms)[0m  [1m[34mSELECT "companies".* FROM "companies" WHERE "companies"."id" = $1 LIMIT $2[0m  [["id", 1], ["LIMIT", 1]]
Started GET "/api/users" for ::1 at 2025-01-03 16:23:34 -0600
  [1m[36mActiveRecord::SchemaMigration Pluck (1.4ms)[0m  [1m[34mSELECT "schema_migrations"."version" FROM "schema_migrations" ORDER BY "schema_migrations"."version" ASC[0m
  
Zeitwerk::NameError (expected file /Users/noelle/Desktop/ShiftInteractive/JSONUsers/app/controllers/api/users_controller.rb to define constant Api::UsersController, but didn't):
  
zeitwerk (2.6.18) lib/zeitwerk/loader/callbacks.rb:32:in `on_file_autoloaded'
zeitwerk (2.6.18) lib/zeitwerk/kernel.rb:27:in `require'
activesupport (7.0.8.7) lib/active_support/inflector/methods.rb:278:in `const_get'
activesupport (7.0.8.7) lib/active_support/inflector/methods.rb:278:in `constantize'
activesupport (7.0.8.7) lib/active_support/core_ext/string/inflections.rb:74:in `constantize'
actionpack (7.0.8.7) lib/action_dispatch/http/request.rb:90:in `controller_class_for'
actionpack (7.0.8.7) lib/action_dispatch/request/utils.rb:95:in `action_encoding_template'
actionpack (7.0.8.7) lib/action_dispatch/request/utils.rb:83:in `encode'
actionpack (7.0.8.7) lib/action_dispatch/request/utils.rb:45:in `set_binary_encoding'
actionpack (7.0.8.7) lib/action_dispatch/http/parameters.rb:68:in `path_parameters='
actionpack (7.0.8.7) lib/action_dispatch/journey/router.rb:48:in `block in serve'
actionpack (7.0.8.7) lib/action_dispatch/journey/router.rb:32:in `each'
actionpack (7.0.8.7) lib/action_dispatch/journey/router.rb:32:in `serve'
actionpack (7.0.8.7) lib/action_dispatch/routing/route_set.rb:852:in `call'
rack (2.2.10) lib/rack/etag.rb:27:in `call'
rack (2.2.10) lib/rack/conditional_get.rb:27:in `call'
rack (2.2.10) lib/rack/head.rb:12:in `call'
activerecord (7.0.8.7) lib/active_record/migration.rb:638:in `call'
actionpack (7.0.8.7) lib/action_dispatch/middleware/callbacks.rb:27:in `block in call'
activesupport (7.0.8.7) lib/active_support/callbacks.rb:99:in `run_callbacks'
actionpack (7.0.8.7) lib/action_dispatch/middleware/callbacks.rb:26:in `call'
actionpack (7.0.8.7) lib/action_dispatch/middleware/executor.rb:14:in `call'
actionpack (7.0.8.7) lib/action_dispatch/middleware/actionable_exceptions.rb:17:in `call'
actionpack (7.0.8.7) lib/action_dispatch/middleware/debug_exceptions.rb:28:in `call'
actionpack (7.0.8.7) lib/action_dispatch/middleware/show_exceptions.rb:29:in `call'
railties (7.0.8.7) lib/rails/rack/logger.rb:40:in `call_app'
railties (7.0.8.7) lib/rails/rack/logger.rb:25:in `block in call'
activesupport (7.0.8.7) lib/active_support/tagged_logging.rb:99:in `block in tagged'
activesupport (7.0.8.7) lib/active_support/tagged_logging.rb:37:in `tagged'
activesupport (7.0.8.7) lib/active_support/tagged_logging.rb:99:in `tagged'
railties (7.0.8.7) lib/rails/rack/logger.rb:25:in `call'
actionpack (7.0.8.7) lib/action_dispatch/middleware/remote_ip.rb:93:in `call'
actionpack (7.0.8.7) lib/action_dispatch/middleware/request_id.rb:26:in `call'
rack (2.2.10) lib/rack/runtime.rb:22:in `call'
activesupport (7.0.8.7) lib/active_support/cache/strategy/local_cache_middleware.rb:29:in `call'
actionpack (7.0.8.7) lib/action_dispatch/middleware/server_timing.rb:61:in `block in call'
actionpack (7.0.8.7) lib/action_dispatch/middleware/server_timing.rb:26:in `collect_events'
actionpack (7.0.8.7) lib/action_dispatch/middleware/server_timing.rb:60:in `call'
actionpack (7.0.8.7) lib/action_dispatch/middleware/executor.rb:14:in `call'
actionpack (7.0.8.7) lib/action_dispatch/middleware/static.rb:23:in `call'
rack (2.2.10) lib/rack/sendfile.rb:110:in `call'
actionpack (7.0.8.7) lib/action_dispatch/middleware/host_authorization.rb:138:in `call'
railties (7.0.8.7) lib/rails/engine.rb:530:in `call'
puma (5.6.9) lib/puma/configuration.rb:252:in `call'
puma (5.6.9) lib/puma/request.rb:77:in `block in handle_request'
puma (5.6.9) lib/puma/thread_pool.rb:340:in `with_force_shutdown'
puma (5.6.9) lib/puma/request.rb:76:in `handle_request'
puma (5.6.9) lib/puma/server.rb:443:in `process_client'
puma (5.6.9) lib/puma/thread_pool.rb:147:in `block in spawn_thread'
Started GET "/favicon.ico" for ::1 at 2025-01-03 16:23:34 -0600
  
ActionController::RoutingError (No route matches [GET] "/favicon.ico"):
  
Started GET "/api/users" for ::1 at 2025-01-03 16:24:22 -0600
Processing by Api::UsersController#index as HTML
  [1m[36mUser Load (1.3ms)[0m  [1m[34mSELECT "users".* FROM "users" INNER JOIN "addresses" ON "addresses"."id" = "users"."address_id" INNER JOIN "companies" ON "companies"."id" = "users"."company_id"[0m
  ↳ app/controllers/api/users_controller.rb:8:in `index'
Completed 200 OK in 60ms (Views: 44.3ms | ActiveRecord: 7.4ms | Allocations: 28981)


Started GET "/api/users" for ::1 at 2025-01-03 16:24:56 -0600
Processing by Api::UsersController#index as HTML
  [1m[36mUser Load (0.4ms)[0m  [1m[34mSELECT "users".* FROM "users" INNER JOIN "addresses" ON "addresses"."id" = "users"."address_id" INNER JOIN "companies" ON "companies"."id" = "users"."company_id"[0m
  ↳ app/controllers/api/users_controller.rb:8:in `index'
Completed 200 OK in 24ms (Views: 14.1ms | ActiveRecord: 5.5ms | Allocations: 9777)


Started GET "/api/users" for ::1 at 2025-01-03 16:30:43 -0600
Processing by Api::UsersController#index as HTML
Completed 500 Internal Server Error in 9ms (ActiveRecord: 0.0ms | Allocations: 4721)


  
NameError (undefined local variable or method `user' for #<Api::UsersController:0x00000000013b78>
Did you mean?  @user):
  
app/controllers/api/users_controller.rb:7:in `index'
Started GET "/api/users" for ::1 at 2025-01-03 16:30:56 -0600
Processing by Api::UsersController#index as HTML
  [1m[36mUser Load (0.8ms)[0m  [1m[34mSELECT "users".* FROM "users"[0m
  ↳ app/controllers/api/users_controller.rb:7:in `index'
  [1m[36mAddress Load (0.6ms)[0m  [1m[34mSELECT "addresses".* FROM "addresses" WHERE "addresses"."id" IN ($1, $2, $3, $4, $5, $6, $7, $8, $9, $10)[0m  [["id", 1], ["id", 2], ["id", 3], ["id", 4], ["id", 5], ["id", 6], ["id", 7], ["id", 8], ["id", 9], ["id", 10]]
  ↳ app/controllers/api/users_controller.rb:7:in `index'
  [1m[36mCompany Load (0.5ms)[0m  [1m[34mSELECT "companies".* FROM "companies" WHERE "companies"."id" IN ($1, $2, $3, $4, $5, $6, $7, $8, $9, $10)[0m  [["id", 1], ["id", 2], ["id", 3], ["id", 4], ["id", 5], ["id", 6], ["id", 7], ["id", 8], ["id", 9], ["id", 10]]
  ↳ app/controllers/api/users_controller.rb:7:in `index'
Completed 200 OK in 101ms (Views: 0.7ms | ActiveRecord: 22.9ms | Allocations: 49560)


Started GET "/api/users" for ::1 at 2025-01-03 16:31:37 -0600
Processing by Api::UsersController#index as HTML
  [1m[36mUser Load (0.3ms)[0m  [1m[34mSELECT "users".* FROM "users"[0m
  ↳ app/controllers/api/users_controller.rb:7:in `index'
  [1m[36mAddress Load (0.4ms)[0m  [1m[34mSELECT "addresses".* FROM "addresses" WHERE "addresses"."id" IN ($1, $2, $3, $4, $5, $6, $7, $8, $9, $10)[0m  [["id", 1], ["id", 2], ["id", 3], ["id", 4], ["id", 5], ["id", 6], ["id", 7], ["id", 8], ["id", 9], ["id", 10]]
  ↳ app/controllers/api/users_controller.rb:7:in `index'
  [1m[36mCompany Load (0.3ms)[0m  [1m[34mSELECT "companies".* FROM "companies" WHERE "companies"."id" IN ($1, $2, $3, $4, $5, $6, $7, $8, $9, $10)[0m  [["id", 1], ["id", 2], ["id", 3], ["id", 4], ["id", 5], ["id", 6], ["id", 7], ["id", 8], ["id", 9], ["id", 10]]
  ↳ app/controllers/api/users_controller.rb:7:in `index'
Completed 200 OK in 32ms (Views: 0.8ms | ActiveRecord: 9.7ms | Allocations: 16731)


Started GET "/api/users/4" for ::1 at 2025-01-03 16:32:57 -0600
Processing by Api::UsersController#show as HTML
  Parameters: {"id"=>"4"}
  [1m[36mUser Load (0.2ms)[0m  [1m[34mSELECT "users".* FROM "users" WHERE "users"."id" = $1 LIMIT $2[0m  [["id", 4], ["LIMIT", 1]]
  ↳ app/controllers/api/users_controller.rb:68:in `set_user'
  [1m[36mCACHE User Load (0.0ms)[0m  [1m[34mSELECT "users".* FROM "users" WHERE "users"."id" = $1 LIMIT $2[0m  [["id", 4], ["LIMIT", 1]]
  ↳ app/controllers/api/users_controller.rb:23:in `show'
  [1m[36mAddress Load (0.2ms)[0m  [1m[34mSELECT "addresses".* FROM "addresses" WHERE "addresses"."id" = $1[0m  [["id", 4]]
  ↳ app/controllers/api/users_controller.rb:23:in `show'
  [1m[36mCompany Load (0.2ms)[0m  [1m[34mSELECT "companies".* FROM "companies" WHERE "companies"."id" = $1[0m  [["id", 4]]
  ↳ app/controllers/api/users_controller.rb:23:in `show'
Completed 200 OK in 37ms (Views: 0.2ms | ActiveRecord: 8.8ms | Allocations: 15345)


Started GET "/api/users/5" for ::1 at 2025-01-03 16:33:18 -0600
Processing by Api::UsersController#show as HTML
  Parameters: {"id"=>"5"}
  [1m[36mUser Load (0.3ms)[0m  [1m[34mSELECT "users".* FROM "users" WHERE "users"."id" = $1 LIMIT $2[0m  [["id", 5], ["LIMIT", 1]]
  ↳ app/controllers/api/users_controller.rb:68:in `set_user'
  [1m[36mCACHE User Load (0.0ms)[0m  [1m[34mSELECT "users".* FROM "users" WHERE "users"."id" = $1 LIMIT $2[0m  [["id", 5], ["LIMIT", 1]]
  ↳ app/controllers/api/users_controller.rb:23:in `show'
  [1m[36mAddress Load (0.3ms)[0m  [1m[34mSELECT "addresses".* FROM "addresses" WHERE "addresses"."id" = $1[0m  [["id", 5]]
  ↳ app/controllers/api/users_controller.rb:23:in `show'
  [1m[36mCompany Load (0.2ms)[0m  [1m[34mSELECT "companies".* FROM "companies" WHERE "companies"."id" = $1[0m  [["id", 5]]
  ↳ app/controllers/api/users_controller.rb:23:in `show'
Completed 200 OK in 40ms (Views: 0.4ms | ActiveRecord: 9.9ms | Allocations: 14836)


Started GET "/api/users/search?email=%22Lucio_Hettinger@annie.ca%22" for ::1 at 2025-01-03 16:38:37 -0600
  [1m[36mActiveRecord::SchemaMigration Pluck (1.1ms)[0m  [1m[34mSELECT "schema_migrations"."version" FROM "schema_migrations" ORDER BY "schema_migrations"."version" ASC[0m
Processing by Api::UsersController#show as HTML
  Parameters: {"email"=>"\"Lucio_Hettinger@annie.ca\"", "id"=>"search"}
  [1m[36mUser Load (0.6ms)[0m  [1m[34mSELECT "users".* FROM "users" WHERE "users"."id" = $1 LIMIT $2[0m  [["id", nil], ["LIMIT", 1]]
  ↳ app/controllers/api/users_controller.rb:93:in `set_user'
Completed 404 Not Found in 31ms (ActiveRecord: 4.9ms | Allocations: 5664)


  
ActiveRecord::RecordNotFound (Couldn't find User with 'id'=search):
  
app/controllers/api/users_controller.rb:93:in `set_user'
Started GET "/api/users/search?email=%22Lucio_Hettinger@annie.ca%22" for ::1 at 2025-01-03 16:39:32 -0600
Processing by Api::UsersController#search as HTML
  Parameters: {"email"=>"\"Lucio_Hettinger@annie.ca\""}
  [1m[35mSQL (2.8ms)[0m  [1m[34mSELECT "users"."id" AS t0_r0, "users"."name" AS t0_r1, "users"."email" AS t0_r2, "users"."phone" AS t0_r3, "users"."username" AS t0_r4, "users"."address_id" AS t0_r5, "users"."company_id" AS t0_r6, "users"."created_at" AS t0_r7, "users"."updated_at" AS t0_r8, "addresses"."id" AS t1_r0, "addresses"."street" AS t1_r1, "addresses"."suite" AS t1_r2, "addresses"."city" AS t1_r3, "addresses"."zipcode" AS t1_r4, "addresses"."lat" AS t1_r5, "addresses"."lng" AS t1_r6, "addresses"."created_at" AS t1_r7, "addresses"."updated_at" AS t1_r8, "companies"."id" AS t2_r0, "companies"."name" AS t2_r1, "companies"."catch_phrase" AS t2_r2, "companies"."bs" AS t2_r3, "companies"."created_at" AS t2_r4, "companies"."updated_at" AS t2_r5 FROM "users" INNER JOIN "addresses" ON "addresses"."id" = "users"."address_id" INNER JOIN "companies" ON "companies"."id" = "users"."company_id" WHERE (users.email ILIKE '%"Lucio_Hettinger@annie.ca"%')[0m
  ↳ app/controllers/api/users_controller.rb:87:in `search'
Completed 200 OK in 36ms (Views: 0.6ms | ActiveRecord: 8.2ms | Allocations: 10756)


Started GET "/api/users" for ::1 at 2025-01-03 16:39:43 -0600
Processing by Api::UsersController#index as HTML
  [1m[36mUser Load (0.7ms)[0m  [1m[34mSELECT "users".* FROM "users"[0m
  ↳ app/controllers/api/users_controller.rb:7:in `index'
  [1m[36mAddress Load (0.7ms)[0m  [1m[34mSELECT "addresses".* FROM "addresses" WHERE "addresses"."id" IN ($1, $2, $3, $4, $5, $6, $7, $8, $9, $10)[0m  [["id", 1], ["id", 2], ["id", 3], ["id", 4], ["id", 5], ["id", 6], ["id", 7], ["id", 8], ["id", 9], ["id", 10]]
  ↳ app/controllers/api/users_controller.rb:7:in `index'
  [1m[36mCompany Load (0.4ms)[0m  [1m[34mSELECT "companies".* FROM "companies" WHERE "companies"."id" IN ($1, $2, $3, $4, $5, $6, $7, $8, $9, $10)[0m  [["id", 1], ["id", 2], ["id", 3], ["id", 4], ["id", 5], ["id", 6], ["id", 7], ["id", 8], ["id", 9], ["id", 10]]
  ↳ app/controllers/api/users_controller.rb:7:in `index'
Completed 200 OK in 53ms (Views: 0.8ms | ActiveRecord: 3.1ms | Allocations: 53612)


Started GET "/api/users/search?id=1" for ::1 at 2025-01-03 16:39:58 -0600
Processing by Api::UsersController#search as HTML
  Parameters: {"id"=>"1"}
  [1m[35mSQL (0.6ms)[0m  [1m[34mSELECT "users"."id" AS t0_r0, "users"."name" AS t0_r1, "users"."email" AS t0_r2, "users"."phone" AS t0_r3, "users"."username" AS t0_r4, "users"."address_id" AS t0_r5, "users"."company_id" AS t0_r6, "users"."created_at" AS t0_r7, "users"."updated_at" AS t0_r8, "addresses"."id" AS t1_r0, "addresses"."street" AS t1_r1, "addresses"."suite" AS t1_r2, "addresses"."city" AS t1_r3, "addresses"."zipcode" AS t1_r4, "addresses"."lat" AS t1_r5, "addresses"."lng" AS t1_r6, "addresses"."created_at" AS t1_r7, "addresses"."updated_at" AS t1_r8, "companies"."id" AS t2_r0, "companies"."name" AS t2_r1, "companies"."catch_phrase" AS t2_r2, "companies"."bs" AS t2_r3, "companies"."created_at" AS t2_r4, "companies"."updated_at" AS t2_r5 FROM "users" INNER JOIN "addresses" ON "addresses"."id" = "users"."address_id" INNER JOIN "companies" ON "companies"."id" = "users"."company_id"[0m
  ↳ app/controllers/api/users_controller.rb:87:in `search'
Completed 200 OK in 10ms (Views: 1.5ms | ActiveRecord: 0.6ms | Allocations: 5212)


Started GET "/api/users/search?username=1" for ::1 at 2025-01-03 16:40:40 -0600
Processing by Api::UsersController#search as HTML
  Parameters: {"username"=>"1"}
  [1m[35mSQL (0.6ms)[0m  [1m[34mSELECT "users"."id" AS t0_r0, "users"."name" AS t0_r1, "users"."email" AS t0_r2, "users"."phone" AS t0_r3, "users"."username" AS t0_r4, "users"."address_id" AS t0_r5, "users"."company_id" AS t0_r6, "users"."created_at" AS t0_r7, "users"."updated_at" AS t0_r8, "addresses"."id" AS t1_r0, "addresses"."street" AS t1_r1, "addresses"."suite" AS t1_r2, "addresses"."city" AS t1_r3, "addresses"."zipcode" AS t1_r4, "addresses"."lat" AS t1_r5, "addresses"."lng" AS t1_r6, "addresses"."created_at" AS t1_r7, "addresses"."updated_at" AS t1_r8, "companies"."id" AS t2_r0, "companies"."name" AS t2_r1, "companies"."catch_phrase" AS t2_r2, "companies"."bs" AS t2_r3, "companies"."created_at" AS t2_r4, "companies"."updated_at" AS t2_r5 FROM "users" INNER JOIN "addresses" ON "addresses"."id" = "users"."address_id" INNER JOIN "companies" ON "companies"."id" = "users"."company_id"[0m
  ↳ app/controllers/api/users_controller.rb:87:in `search'
Completed 200 OK in 8ms (Views: 1.7ms | ActiveRecord: 0.6ms | Allocations: 5166)


Started GET "/api/users/search?username=1" for ::1 at 2025-01-03 16:40:49 -0600
Processing by Api::UsersController#search as HTML
  Parameters: {"username"=>"1"}
  [1m[35mSQL (0.6ms)[0m  [1m[34mSELECT "users"."id" AS t0_r0, "users"."name" AS t0_r1, "users"."email" AS t0_r2, "users"."phone" AS t0_r3, "users"."username" AS t0_r4, "users"."address_id" AS t0_r5, "users"."company_id" AS t0_r6, "users"."created_at" AS t0_r7, "users"."updated_at" AS t0_r8, "addresses"."id" AS t1_r0, "addresses"."street" AS t1_r1, "addresses"."suite" AS t1_r2, "addresses"."city" AS t1_r3, "addresses"."zipcode" AS t1_r4, "addresses"."lat" AS t1_r5, "addresses"."lng" AS t1_r6, "addresses"."created_at" AS t1_r7, "addresses"."updated_at" AS t1_r8, "companies"."id" AS t2_r0, "companies"."name" AS t2_r1, "companies"."catch_phrase" AS t2_r2, "companies"."bs" AS t2_r3, "companies"."created_at" AS t2_r4, "companies"."updated_at" AS t2_r5 FROM "users" INNER JOIN "addresses" ON "addresses"."id" = "users"."address_id" INNER JOIN "companies" ON "companies"."id" = "users"."company_id"[0m
  ↳ app/controllers/api/users_controller.rb:87:in `search'
Completed 200 OK in 8ms (Views: 1.6ms | ActiveRecord: 0.6ms | Allocations: 5147)


Started GET "/api/users/search?username=Bret" for ::1 at 2025-01-03 16:40:52 -0600
Processing by Api::UsersController#search as HTML
  Parameters: {"username"=>"Bret"}
  [1m[35mSQL (0.8ms)[0m  [1m[34mSELECT "users"."id" AS t0_r0, "users"."name" AS t0_r1, "users"."email" AS t0_r2, "users"."phone" AS t0_r3, "users"."username" AS t0_r4, "users"."address_id" AS t0_r5, "users"."company_id" AS t0_r6, "users"."created_at" AS t0_r7, "users"."updated_at" AS t0_r8, "addresses"."id" AS t1_r0, "addresses"."street" AS t1_r1, "addresses"."suite" AS t1_r2, "addresses"."city" AS t1_r3, "addresses"."zipcode" AS t1_r4, "addresses"."lat" AS t1_r5, "addresses"."lng" AS t1_r6, "addresses"."created_at" AS t1_r7, "addresses"."updated_at" AS t1_r8, "companies"."id" AS t2_r0, "companies"."name" AS t2_r1, "companies"."catch_phrase" AS t2_r2, "companies"."bs" AS t2_r3, "companies"."created_at" AS t2_r4, "companies"."updated_at" AS t2_r5 FROM "users" INNER JOIN "addresses" ON "addresses"."id" = "users"."address_id" INNER JOIN "companies" ON "companies"."id" = "users"."company_id"[0m
  ↳ app/controllers/api/users_controller.rb:87:in `search'
Completed 200 OK in 8ms (Views: 1.5ms | ActiveRecord: 0.8ms | Allocations: 5146)


Started GET "/api/users/search?username=Bret" for ::1 at 2025-01-03 16:42:21 -0600
  
ActionController::RoutingError (No route matches [GET] "/api/users/search"):
  
Started GET "/api/users/search?username=Bret" for ::1 at 2025-01-03 16:43:02 -0600
  
ActionController::RoutingError (uninitialized constant Api::Users):
  
Started GET "/api/users/search?username=Bret" for ::1 at 2025-01-03 16:43:41 -0600
  
ActionController::RoutingError (No route matches [GET] "/api/users/search"):
  
Started GET "/api/users/search?username=Bret" for ::1 at 2025-01-03 16:44:07 -0600
Processing by Api::UsersController#search as HTML
  Parameters: {"username"=>"Bret"}
  [1m[35mSQL (0.5ms)[0m  [1m[34mSELECT "users"."id" AS t0_r0, "users"."name" AS t0_r1, "users"."email" AS t0_r2, "users"."phone" AS t0_r3, "users"."username" AS t0_r4, "users"."address_id" AS t0_r5, "users"."company_id" AS t0_r6, "users"."created_at" AS t0_r7, "users"."updated_at" AS t0_r8, "addresses"."id" AS t1_r0, "addresses"."street" AS t1_r1, "addresses"."suite" AS t1_r2, "addresses"."city" AS t1_r3, "addresses"."zipcode" AS t1_r4, "addresses"."lat" AS t1_r5, "addresses"."lng" AS t1_r6, "addresses"."created_at" AS t1_r7, "addresses"."updated_at" AS t1_r8, "companies"."id" AS t2_r0, "companies"."name" AS t2_r1, "companies"."catch_phrase" AS t2_r2, "companies"."bs" AS t2_r3, "companies"."created_at" AS t2_r4, "companies"."updated_at" AS t2_r5 FROM "users" INNER JOIN "addresses" ON "addresses"."id" = "users"."address_id" INNER JOIN "companies" ON "companies"."id" = "users"."company_id"[0m
  ↳ app/controllers/api/users_controller.rb:87:in `search'
Completed 200 OK in 34ms (Views: 1.5ms | ActiveRecord: 7.1ms | Allocations: 16722)


Started GET "/api/users/search?username=Bret" for ::1 at 2025-01-03 16:44:12 -0600
Processing by Api::UsersController#search as HTML
  Parameters: {"username"=>"Bret"}
  [1m[35mSQL (0.7ms)[0m  [1m[34mSELECT "users"."id" AS t0_r0, "users"."name" AS t0_r1, "users"."email" AS t0_r2, "users"."phone" AS t0_r3, "users"."username" AS t0_r4, "users"."address_id" AS t0_r5, "users"."company_id" AS t0_r6, "users"."created_at" AS t0_r7, "users"."updated_at" AS t0_r8, "addresses"."id" AS t1_r0, "addresses"."street" AS t1_r1, "addresses"."suite" AS t1_r2, "addresses"."city" AS t1_r3, "addresses"."zipcode" AS t1_r4, "addresses"."lat" AS t1_r5, "addresses"."lng" AS t1_r6, "addresses"."created_at" AS t1_r7, "addresses"."updated_at" AS t1_r8, "companies"."id" AS t2_r0, "companies"."name" AS t2_r1, "companies"."catch_phrase" AS t2_r2, "companies"."bs" AS t2_r3, "companies"."created_at" AS t2_r4, "companies"."updated_at" AS t2_r5 FROM "users" INNER JOIN "addresses" ON "addresses"."id" = "users"."address_id" INNER JOIN "companies" ON "companies"."id" = "users"."company_id"[0m
  ↳ app/controllers/api/users_controller.rb:87:in `search'
Completed 200 OK in 8ms (Views: 1.6ms | ActiveRecord: 0.7ms | Allocations: 5147)


Started GET "/api/users/search?username=Bret" for ::1 at 2025-01-03 16:45:30 -0600
Processing by Api::UsersController#search as HTML
  Parameters: {"username"=>"Bret"}
  [1m[36mUser Load (0.2ms)[0m  [1m[34mSELECT "users".* FROM "users"[0m
  ↳ app/controllers/api/users_controller.rb:87:in `search'
  [1m[36mAddress Load (0.2ms)[0m  [1m[34mSELECT "addresses".* FROM "addresses" WHERE "addresses"."id" IN ($1, $2, $3, $4, $5, $6, $7, $8, $9, $10)[0m  [["id", 1], ["id", 2], ["id", 3], ["id", 4], ["id", 5], ["id", 6], ["id", 7], ["id", 8], ["id", 9], ["id", 10]]
  ↳ app/controllers/api/users_controller.rb:87:in `search'
  [1m[36mCompany Load (0.4ms)[0m  [1m[34mSELECT "companies".* FROM "companies" WHERE "companies"."id" IN ($1, $2, $3, $4, $5, $6, $7, $8, $9, $10)[0m  [["id", 1], ["id", 2], ["id", 3], ["id", 4], ["id", 5], ["id", 6], ["id", 7], ["id", 8], ["id", 9], ["id", 10]]
  ↳ app/controllers/api/users_controller.rb:87:in `search'
Completed 200 OK in 45ms (Views: 1.9ms | ActiveRecord: 10.1ms | Allocations: 18255)


Started GET "/api/users/search?username=Bret" for ::1 at 2025-01-04 12:19:39 -0600
  [1m[36mActiveRecord::SchemaMigration Pluck (1.1ms)[0m  [1m[34mSELECT "schema_migrations"."version" FROM "schema_migrations" ORDER BY "schema_migrations"."version" ASC[0m
Processing by Api::UsersController#search as HTML
  Parameters: {"username"=>"Bret"}
  [1m[36mUser Load (0.9ms)[0m  [1m[34mSELECT "users".* FROM "users"[0m
  ↳ app/controllers/api/users_controller.rb:87:in `search'
  [1m[36mAddress Load (0.6ms)[0m  [1m[34mSELECT "addresses".* FROM "addresses" WHERE "addresses"."id" IN ($1, $2, $3, $4, $5, $6, $7, $8, $9, $10)[0m  [["id", 1], ["id", 2], ["id", 3], ["id", 4], ["id", 5], ["id", 6], ["id", 7], ["id", 8], ["id", 9], ["id", 10]]
  ↳ app/controllers/api/users_controller.rb:87:in `search'
  [1m[36mCompany Load (0.8ms)[0m  [1m[34mSELECT "companies".* FROM "companies" WHERE "companies"."id" IN ($1, $2, $3, $4, $5, $6, $7, $8, $9, $10)[0m  [["id", 1], ["id", 2], ["id", 3], ["id", 4], ["id", 5], ["id", 6], ["id", 7], ["id", 8], ["id", 9], ["id", 10]]
  ↳ app/controllers/api/users_controller.rb:87:in `search'
Completed 200 OK in 124ms (Views: 1.5ms | ActiveRecord: 25.1ms | Allocations: 82401)


Started GET "/api/users/search" for ::1 at 2025-01-04 12:19:43 -0600
Processing by Api::UsersController#search as HTML
  [1m[36mUser Load (0.3ms)[0m  [1m[34mSELECT "users".* FROM "users"[0m
  ↳ app/controllers/api/users_controller.rb:87:in `search'
  [1m[36mAddress Load (0.2ms)[0m  [1m[34mSELECT "addresses".* FROM "addresses" WHERE "addresses"."id" IN ($1, $2, $3, $4, $5, $6, $7, $8, $9, $10)[0m  [["id", 1], ["id", 2], ["id", 3], ["id", 4], ["id", 5], ["id", 6], ["id", 7], ["id", 8], ["id", 9], ["id", 10]]
  ↳ app/controllers/api/users_controller.rb:87:in `search'
  [1m[36mCompany Load (0.3ms)[0m  [1m[34mSELECT "companies".* FROM "companies" WHERE "companies"."id" IN ($1, $2, $3, $4, $5, $6, $7, $8, $9, $10)[0m  [["id", 1], ["id", 2], ["id", 3], ["id", 4], ["id", 5], ["id", 6], ["id", 7], ["id", 8], ["id", 9], ["id", 10]]
  ↳ app/controllers/api/users_controller.rb:87:in `search'
Completed 200 OK in 11ms (Views: 1.6ms | ActiveRecord: 0.8ms | Allocations: 6339)


Started GET "/api/users/search" for ::1 at 2025-01-04 12:19:56 -0600
Processing by Api::UsersController#search as HTML
  [1m[36mUser Load (0.3ms)[0m  [1m[34mSELECT "users".* FROM "users"[0m
  ↳ app/controllers/api/users_controller.rb:87:in `search'
  [1m[36mAddress Load (0.6ms)[0m  [1m[34mSELECT "addresses".* FROM "addresses" WHERE "addresses"."id" IN ($1, $2, $3, $4, $5, $6, $7, $8, $9, $10)[0m  [["id", 1], ["id", 2], ["id", 3], ["id", 4], ["id", 5], ["id", 6], ["id", 7], ["id", 8], ["id", 9], ["id", 10]]
  ↳ app/controllers/api/users_controller.rb:87:in `search'
  [1m[36mCompany Load (0.5ms)[0m  [1m[34mSELECT "companies".* FROM "companies" WHERE "companies"."id" IN ($1, $2, $3, $4, $5, $6, $7, $8, $9, $10)[0m  [["id", 1], ["id", 2], ["id", 3], ["id", 4], ["id", 5], ["id", 6], ["id", 7], ["id", 8], ["id", 9], ["id", 10]]
  ↳ app/controllers/api/users_controller.rb:87:in `search'
Completed 200 OK in 13ms (Views: 1.5ms | ActiveRecord: 1.3ms | Allocations: 6337)


Started GET "/api/users/search?email=Sincere@april.biz" for ::1 at 2025-01-04 12:21:28 -0600
Processing by Api::UsersController#search as HTML
  Parameters: {"email"=>"Sincere@april.biz"}
  [1m[36mUser Load (0.5ms)[0m  [1m[34mSELECT "users".* FROM "users" WHERE (users.email ILIKE '%Sincere@april.biz%')[0m
  ↳ app/controllers/api/users_controller.rb:72:in `search'
  [1m[36mAddress Load (0.2ms)[0m  [1m[34mSELECT "addresses".* FROM "addresses" WHERE "addresses"."id" = $1[0m  [["id", 1]]
  ↳ app/controllers/api/users_controller.rb:72:in `search'
  [1m[36mCompany Load (0.2ms)[0m  [1m[34mSELECT "companies".* FROM "companies" WHERE "companies"."id" = $1[0m  [["id", 1]]
  ↳ app/controllers/api/users_controller.rb:72:in `search'
Completed 200 OK in 37ms (Views: 0.3ms | ActiveRecord: 8.6ms | Allocations: 14957)


Started GET "/api/users" for ::1 at 2025-01-04 12:22:05 -0600
  
ActionController::RoutingError (No route matches [GET] "/api/users"):
  
Started GET "/api/users" for ::1 at 2025-01-04 12:22:49 -0600
Processing by Api::UsersController#index as HTML
  [1m[36mUser Load (0.3ms)[0m  [1m[34mSELECT "users".* FROM "users"[0m
  ↳ app/controllers/api/users_controller.rb:7:in `index'
  [1m[36mAddress Load (0.2ms)[0m  [1m[34mSELECT "addresses".* FROM "addresses" WHERE "addresses"."id" IN ($1, $2, $3, $4, $5, $6, $7, $8, $9, $10)[0m  [["id", 1], ["id", 2], ["id", 3], ["id", 4], ["id", 5], ["id", 6], ["id", 7], ["id", 8], ["id", 9], ["id", 10]]
  ↳ app/controllers/api/users_controller.rb:7:in `index'
  [1m[36mCompany Load (0.4ms)[0m  [1m[34mSELECT "companies".* FROM "companies" WHERE "companies"."id" IN ($1, $2, $3, $4, $5, $6, $7, $8, $9, $10)[0m  [["id", 1], ["id", 2], ["id", 3], ["id", 4], ["id", 5], ["id", 6], ["id", 7], ["id", 8], ["id", 9], ["id", 10]]
  ↳ app/controllers/api/users_controller.rb:7:in `index'
Completed 200 OK in 31ms (Views: 0.8ms | ActiveRecord: 7.5ms | Allocations: 16699)


Started GET "/api/users/search" for ::1 at 2025-01-04 12:26:25 -0600
Processing by Api::UsersController#search as HTML
Completed 500 Internal Server Error in 8ms (ActiveRecord: 0.0ms | Allocations: 4512)


  
NameError (uninitialized constant Api::UsersController::Name):
  
app/controllers/api/users_controller.rb:71:in `search'
Started GET "/api/users/search" for ::1 at 2025-01-04 12:27:15 -0600
Processing by Api::UsersController#search as HTML
  [1m[36mUser Load (0.3ms)[0m  [1m[34mSELECT "users".* FROM "users"[0m
  ↳ app/controllers/api/users_controller.rb:77:in `search'
  [1m[36mAddress Load (0.3ms)[0m  [1m[34mSELECT "addresses".* FROM "addresses" WHERE "addresses"."id" IN ($1, $2, $3, $4, $5, $6, $7, $8, $9, $10)[0m  [["id", 1], ["id", 2], ["id", 3], ["id", 4], ["id", 5], ["id", 6], ["id", 7], ["id", 8], ["id", 9], ["id", 10]]
  ↳ app/controllers/api/users_controller.rb:77:in `search'
  [1m[36mCompany Load (0.3ms)[0m  [1m[34mSELECT "companies".* FROM "companies" WHERE "companies"."id" IN ($1, $2, $3, $4, $5, $6, $7, $8, $9, $10)[0m  [["id", 1], ["id", 2], ["id", 3], ["id", 4], ["id", 5], ["id", 6], ["id", 7], ["id", 8], ["id", 9], ["id", 10]]
  ↳ app/controllers/api/users_controller.rb:77:in `search'
Completed 200 OK in 37ms (Views: 2.0ms | ActiveRecord: 8.1ms | Allocations: 18272)


Started GET "/api/users/search?name=ErvinHowell" for ::1 at 2025-01-04 12:27:37 -0600
Processing by Api::UsersController#search as HTML
  Parameters: {"name"=>"ErvinHowell"}
  [1m[36mUser Load (0.4ms)[0m  [1m[34mSELECT "users".* FROM "users" WHERE (users.name ILIKE '%ErvinHowell%')[0m
  ↳ app/controllers/api/users_controller.rb:77:in `search'
Completed 200 OK in 2ms (Views: 0.1ms | ActiveRecord: 0.4ms | Allocations: 674)


Started GET "/api/users/search?name=Ervin+Howell" for ::1 at 2025-01-04 12:28:48 -0600
Processing by Api::UsersController#search as HTML
  Parameters: {"name"=>"Ervin Howell"}
  [1m[36mUser Load (0.4ms)[0m  [1m[34mSELECT "users".* FROM "users" WHERE (users.name ILIKE '%Ervin Howell%')[0m
  ↳ app/controllers/api/users_controller.rb:77:in `search'
  [1m[36mAddress Load (0.3ms)[0m  [1m[34mSELECT "addresses".* FROM "addresses" WHERE "addresses"."id" = $1[0m  [["id", 2]]
  ↳ app/controllers/api/users_controller.rb:77:in `search'
  [1m[36mCompany Load (0.3ms)[0m  [1m[34mSELECT "companies".* FROM "companies" WHERE "companies"."id" = $1[0m  [["id", 2]]
  ↳ app/controllers/api/users_controller.rb:77:in `search'
Completed 200 OK in 6ms (Views: 0.3ms | ActiveRecord: 1.0ms | Allocations: 2517)


Started GET "/api/users/search?name=Ervin+Howell" for ::1 at 2025-01-04 12:30:16 -0600
Processing by Api::UsersController#search as HTML
  Parameters: {"name"=>"Ervin Howell"}
Completed 500 Internal Server Error in 9ms (ActiveRecord: 0.0ms | Allocations: 4759)


  
NameError (undefined local variable or method `user' for #<Api::UsersController:0x00000000019a78>
Did you mean?  users):
  
app/controllers/api/users_controller.rb:77:in `search'
Started GET "/api/users/search?name=Ervin+Howell" for ::1 at 2025-01-04 12:30:27 -0600
Processing by Api::UsersController#search as HTML
  Parameters: {"name"=>"Ervin Howell"}
  [1m[36mUser Load (0.3ms)[0m  [1m[34mSELECT "users".* FROM "users" WHERE (users.name ILIKE '%Ervin Howell%')[0m
  ↳ app/controllers/api/users_controller.rb:77:in `search'
  [1m[36mAddress Load (0.2ms)[0m  [1m[34mSELECT "addresses".* FROM "addresses" WHERE "addresses"."id" = $1[0m  [["id", 2]]
  ↳ app/controllers/api/users_controller.rb:77:in `search'
  [1m[36mCompany Load (0.2ms)[0m  [1m[34mSELECT "companies".* FROM "companies" WHERE "companies"."id" = $1[0m  [["id", 2]]
  ↳ app/controllers/api/users_controller.rb:77:in `search'
Completed 200 OK in 34ms (Views: 0.3ms | ActiveRecord: 7.8ms | Allocations: 14268)


Started GET "/api/users/search?company_name=Deckow+-+Crist" for ::1 at 2025-01-04 12:35:48 -0600
Processing by Api::UsersController#search as HTML
  Parameters: {"company_name"=>"Deckow - Crist"}
  [1m[36mUser Load (2.0ms)[0m  [1m[34mSELECT "users".* FROM "users" WHERE (companies.name ILIKE '%Deckow - Crist%')[0m
  ↳ app/controllers/api/users_controller.rb:81:in `search'
Completed 500 Internal Server Error in 22ms (ActiveRecord: 8.7ms | Allocations: 6223)


  
ActiveRecord::StatementInvalid (PG::UndefinedTable: ERROR:  missing FROM-clause entry for table "companies"
LINE 1: SELECT "users".* FROM "users" WHERE (companies.name ILIKE '%...
                                             ^
):
  
app/controllers/api/users_controller.rb:81:in `search'
Started GET "/api/users/search?company_name=Deckow+-+Crist" for ::1 at 2025-01-04 12:36:45 -0600
Processing by Api::UsersController#search as HTML
  Parameters: {"company_name"=>"Deckow - Crist"}
  [1m[36mUser Load (0.4ms)[0m  [1m[34mSELECT "users".* FROM "users" WHERE (companies.name ILIKE '%Deckow - Crist%')[0m
  ↳ app/controllers/api/users_controller.rb:81:in `search'
Completed 500 Internal Server Error in 7ms (ActiveRecord: 0.4ms | Allocations: 3371)


  
ActiveRecord::StatementInvalid (PG::UndefinedTable: ERROR:  missing FROM-clause entry for table "companies"
LINE 1: SELECT "users".* FROM "users" WHERE (companies.name ILIKE '%...
                                             ^
):
  
app/controllers/api/users_controller.rb:81:in `search'
Started GET "/api/users/search?company_name=Deckow+-+Crist" for ::1 at 2025-01-04 12:38:33 -0600
Processing by Api::UsersController#search as HTML
  Parameters: {"company_name"=>"Deckow - Crist"}
  [1m[36mUser Load (0.4ms)[0m  [1m[34mSELECT "users".* FROM "users" WHERE (companies.name ILIKE '%Deckow - Crist%')[0m
  ↳ app/controllers/api/users_controller.rb:81:in `search'
Completed 500 Internal Server Error in 8ms (ActiveRecord: 0.4ms | Allocations: 3363)


  
ActiveRecord::StatementInvalid (PG::UndefinedTable: ERROR:  missing FROM-clause entry for table "companies"
LINE 1: SELECT "users".* FROM "users" WHERE (companies.name ILIKE '%...
                                             ^
):
  
app/controllers/api/users_controller.rb:81:in `search'
Started GET "/api/users/" for ::1 at 2025-01-04 12:39:44 -0600
Processing by Api::UsersController#index as HTML
  [1m[36mUser Load (0.7ms)[0m  [1m[34mSELECT "users".* FROM "users"[0m
  ↳ app/controllers/api/users_controller.rb:7:in `index'
  [1m[36mAddress Load (0.6ms)[0m  [1m[34mSELECT "addresses".* FROM "addresses" WHERE "addresses"."id" IN ($1, $2, $3, $4, $5, $6, $7, $8, $9, $10)[0m  [["id", 1], ["id", 2], ["id", 3], ["id", 4], ["id", 5], ["id", 6], ["id", 7], ["id", 8], ["id", 9], ["id", 10]]
  ↳ app/controllers/api/users_controller.rb:7:in `index'
  [1m[36mCompany Load (0.5ms)[0m  [1m[34mSELECT "companies".* FROM "companies" WHERE "companies"."id" IN ($1, $2, $3, $4, $5, $6, $7, $8, $9, $10)[0m  [["id", 1], ["id", 2], ["id", 3], ["id", 4], ["id", 5], ["id", 6], ["id", 7], ["id", 8], ["id", 9], ["id", 10]]
  ↳ app/controllers/api/users_controller.rb:7:in `index'
Completed 200 OK in 41ms (Views: 1.0ms | ActiveRecord: 13.4ms | Allocations: 16916)


Started GET "/api/users/" for ::1 at 2025-01-04 12:39:52 -0600
Processing by Api::UsersController#index as HTML
  [1m[36mUser Load (0.3ms)[0m  [1m[34mSELECT "users".* FROM "users"[0m
  ↳ app/controllers/api/users_controller.rb:7:in `index'
  [1m[36mAddress Load (0.3ms)[0m  [1m[34mSELECT "addresses".* FROM "addresses" WHERE "addresses"."id" IN ($1, $2, $3, $4, $5, $6, $7, $8, $9, $10)[0m  [["id", 1], ["id", 2], ["id", 3], ["id", 4], ["id", 5], ["id", 6], ["id", 7], ["id", 8], ["id", 9], ["id", 10]]
  ↳ app/controllers/api/users_controller.rb:7:in `index'
  [1m[36mCompany Load (0.4ms)[0m  [1m[34mSELECT "companies".* FROM "companies" WHERE "companies"."id" IN ($1, $2, $3, $4, $5, $6, $7, $8, $9, $10)[0m  [["id", 1], ["id", 2], ["id", 3], ["id", 4], ["id", 5], ["id", 6], ["id", 7], ["id", 8], ["id", 9], ["id", 10]]
  ↳ app/controllers/api/users_controller.rb:7:in `index'
Completed 200 OK in 12ms (Views: 1.4ms | ActiveRecord: 1.0ms | Allocations: 4779)


Started GET "/api/users/search?phone=1-770-736-8031+x56442" for ::1 at 2025-01-04 12:40:39 -0600
Processing by Api::UsersController#search as HTML
  Parameters: {"phone"=>"1-770-736-8031 x56442"}
  [1m[36mUser Load (0.4ms)[0m  [1m[34mSELECT "users".* FROM "users" WHERE (users.phone ILIKE '%1-770-736-8031 x56442%')[0m
  ↳ app/controllers/api/users_controller.rb:81:in `search'
  [1m[36mAddress Load (0.2ms)[0m  [1m[34mSELECT "addresses".* FROM "addresses" WHERE "addresses"."id" = $1[0m  [["id", 1]]
  ↳ app/controllers/api/users_controller.rb:81:in `search'
  [1m[36mCompany Load (0.1ms)[0m  [1m[34mSELECT "companies".* FROM "companies" WHERE "companies"."id" = $1[0m  [["id", 1]]
  ↳ app/controllers/api/users_controller.rb:81:in `search'
Completed 200 OK in 5ms (Views: 0.2ms | ActiveRecord: 0.9ms | Allocations: 2386)


Started GET "/api/users/search?street_address=Kulas+Light" for ::1 at 2025-01-04 12:41:20 -0600
Processing by Api::UsersController#search as HTML
  Parameters: {"street_address"=>"Kulas Light"}
  [1m[36mUser Load (1.0ms)[0m  [1m[34mSELECT "users".* FROM "users" WHERE (addresses.street_address ILIKE '%Kulas Light%')[0m
  ↳ app/controllers/api/users_controller.rb:81:in `search'
Completed 500 Internal Server Error in 3ms (ActiveRecord: 1.0ms | Allocations: 643)


  
ActiveRecord::StatementInvalid (PG::UndefinedTable: ERROR:  missing FROM-clause entry for table "addresses"
LINE 1: SELECT "users".* FROM "users" WHERE (addresses.street_addres...
                                             ^
):
  
app/controllers/api/users_controller.rb:81:in `search'
Started GET "/api/users/search?street_address=Kulas+Light" for ::1 at 2025-01-04 12:42:24 -0600
Processing by Api::UsersController#search as HTML
  Parameters: {"street_address"=>"Kulas Light"}
  [1m[36mUser Load (0.4ms)[0m  [1m[34mSELECT "users".* FROM "users" INNER JOIN "addresses" ON "addresses"."id" = "users"."address_id" INNER JOIN "companies" ON "companies"."id" = "users"."company_id" WHERE (addresses.street_address ILIKE '%Kulas Light%')[0m
  ↳ app/controllers/api/users_controller.rb:81:in `search'
Completed 500 Internal Server Error in 23ms (ActiveRecord: 3.2ms | Allocations: 8223)


  
ActiveRecord::StatementInvalid (PG::UndefinedColumn: ERROR:  column addresses.street_address does not exist
LINE 1: ...ON "companies"."id" = "users"."company_id" WHERE (addresses....
                                                             ^
):
  
app/controllers/api/users_controller.rb:81:in `search'
Started GET "/api/users/search?street_address=Kulas+Light" for ::1 at 2025-01-04 12:45:29 -0600
Processing by Api::UsersController#search as HTML
  Parameters: {"street_address"=>"Kulas Light"}
  [1m[36mUser Load (0.4ms)[0m  [1m[34mSELECT "users".* FROM "users" WHERE (addresses.street_address ILIKE '%Kulas Light%')[0m
  ↳ app/controllers/api/users_controller.rb:81:in `search'
Completed 500 Internal Server Error in 8ms (ActiveRecord: 0.4ms | Allocations: 3357)


  
ActiveRecord::StatementInvalid (PG::UndefinedTable: ERROR:  missing FROM-clause entry for table "addresses"
LINE 1: SELECT "users".* FROM "users" WHERE (addresses.street_addres...
                                             ^
):
  
app/controllers/api/users_controller.rb:81:in `search'
Started GET "/api/users/" for ::1 at 2025-01-04 12:45:38 -0600
Processing by Api::UsersController#index as HTML
  [1m[36mUser Load (0.2ms)[0m  [1m[34mSELECT "users".* FROM "users"[0m
  ↳ app/controllers/api/users_controller.rb:7:in `index'
  [1m[36mAddress Load (0.3ms)[0m  [1m[34mSELECT "addresses".* FROM "addresses" WHERE "addresses"."id" IN ($1, $2, $3, $4, $5, $6, $7, $8, $9, $10)[0m  [["id", 1], ["id", 2], ["id", 3], ["id", 4], ["id", 5], ["id", 6], ["id", 7], ["id", 8], ["id", 9], ["id", 10]]
  ↳ app/controllers/api/users_controller.rb:7:in `index'
  [1m[36mCompany Load (0.3ms)[0m  [1m[34mSELECT "companies".* FROM "companies" WHERE "companies"."id" IN ($1, $2, $3, $4, $5, $6, $7, $8, $9, $10)[0m  [["id", 1], ["id", 2], ["id", 3], ["id", 4], ["id", 5], ["id", 6], ["id", 7], ["id", 8], ["id", 9], ["id", 10]]
  ↳ app/controllers/api/users_controller.rb:7:in `index'
Completed 200 OK in 30ms (Views: 0.8ms | ActiveRecord: 7.7ms | Allocations: 14030)


Started GET "/api/users/" for ::1 at 2025-01-04 12:46:08 -0600
Processing by Api::UsersController#index as HTML
  [1m[36mUser Load (0.2ms)[0m  [1m[34mSELECT "users".* FROM "users"[0m
  ↳ app/controllers/api/users_controller.rb:7:in `index'
  [1m[36mAddress Load (0.3ms)[0m  [1m[34mSELECT "addresses".* FROM "addresses" WHERE "addresses"."id" IN ($1, $2, $3, $4, $5, $6, $7, $8, $9, $10)[0m  [["id", 1], ["id", 2], ["id", 3], ["id", 4], ["id", 5], ["id", 6], ["id", 7], ["id", 8], ["id", 9], ["id", 10]]
  ↳ app/controllers/api/users_controller.rb:7:in `index'
  [1m[36mCompany Load (0.3ms)[0m  [1m[34mSELECT "companies".* FROM "companies" WHERE "companies"."id" IN ($1, $2, $3, $4, $5, $6, $7, $8, $9, $10)[0m  [["id", 1], ["id", 2], ["id", 3], ["id", 4], ["id", 5], ["id", 6], ["id", 7], ["id", 8], ["id", 9], ["id", 10]]
  ↳ app/controllers/api/users_controller.rb:7:in `index'
Completed 200 OK in 8ms (Views: 0.8ms | ActiveRecord: 0.9ms | Allocations: 4779)


Started GET "/api/users/search?email=Sincere@april.biz" for ::1 at 2025-01-04 12:46:18 -0600
Processing by Api::UsersController#search as HTML
  Parameters: {"email"=>"Sincere@april.biz"}
  [1m[36mUser Load (0.3ms)[0m  [1m[34mSELECT "users".* FROM "users" WHERE (users.email ILIKE '%Sincere@april.biz%')[0m
  ↳ app/controllers/api/users_controller.rb:81:in `search'
  [1m[36mAddress Load (0.3ms)[0m  [1m[34mSELECT "addresses".* FROM "addresses" WHERE "addresses"."id" = $1[0m  [["id", 1]]
  ↳ app/controllers/api/users_controller.rb:81:in `search'
  [1m[36mCompany Load (0.2ms)[0m  [1m[34mSELECT "companies".* FROM "companies" WHERE "companies"."id" = $1[0m  [["id", 1]]
  ↳ app/controllers/api/users_controller.rb:81:in `search'
Completed 200 OK in 6ms (Views: 0.1ms | ActiveRecord: 0.9ms | Allocations: 2216)


Started GET "/api/users/" for ::1 at 2025-01-04 12:48:12 -0600
Processing by Api::UsersController#index as HTML
  [1m[36mUser Load (0.3ms)[0m  [1m[34mSELECT "users".* FROM "users"[0m
  ↳ app/controllers/api/users_controller.rb:7:in `index'
  [1m[36mAddress Load (0.3ms)[0m  [1m[34mSELECT "addresses".* FROM "addresses" WHERE "addresses"."id" IN ($1, $2, $3, $4, $5, $6, $7, $8, $9, $10)[0m  [["id", 1], ["id", 2], ["id", 3], ["id", 4], ["id", 5], ["id", 6], ["id", 7], ["id", 8], ["id", 9], ["id", 10]]
  ↳ app/controllers/api/users_controller.rb:7:in `index'
  [1m[36mCompany Load (0.3ms)[0m  [1m[34mSELECT "companies".* FROM "companies" WHERE "companies"."id" IN ($1, $2, $3, $4, $5, $6, $7, $8, $9, $10)[0m  [["id", 1], ["id", 2], ["id", 3], ["id", 4], ["id", 5], ["id", 6], ["id", 7], ["id", 8], ["id", 9], ["id", 10]]
  ↳ app/controllers/api/users_controller.rb:7:in `index'
Completed 200 OK in 37ms (Views: 1.2ms | ActiveRecord: 8.0ms | Allocations: 16705)


Started GET "/api/users/search?name=Deckow-Crist" for ::1 at 2025-01-04 12:50:09 -0600
Processing by Api::UsersController#search as HTML
  Parameters: {"name"=>"Deckow-Crist"}
  [1m[36mUser Load (0.3ms)[0m  [1m[34mSELECT "users".* FROM "users" WHERE (users.name ILIKE '%Deckow-Crist%')[0m
  ↳ app/controllers/api/users_controller.rb:81:in `search'
Completed 200 OK in 7ms (Views: 0.2ms | ActiveRecord: 0.3ms | Allocations: 3405)


Started GET "/api/users/search" for ::1 at 2025-01-04 12:50:20 -0600
Processing by Api::UsersController#search as HTML
  [1m[36mUser Load (0.3ms)[0m  [1m[34mSELECT "users".* FROM "users"[0m
  ↳ app/controllers/api/users_controller.rb:81:in `search'
  [1m[36mAddress Load (0.3ms)[0m  [1m[34mSELECT "addresses".* FROM "addresses" WHERE "addresses"."id" IN ($1, $2, $3, $4, $5, $6, $7, $8, $9, $10)[0m  [["id", 1], ["id", 2], ["id", 3], ["id", 4], ["id", 5], ["id", 6], ["id", 7], ["id", 8], ["id", 9], ["id", 10]]
  ↳ app/controllers/api/users_controller.rb:81:in `search'
  [1m[36mCompany Load (0.3ms)[0m  [1m[34mSELECT "companies".* FROM "companies" WHERE "companies"."id" IN ($1, $2, $3, $4, $5, $6, $7, $8, $9, $10)[0m  [["id", 1], ["id", 2], ["id", 3], ["id", 4], ["id", 5], ["id", 6], ["id", 7], ["id", 8], ["id", 9], ["id", 10]]
  ↳ app/controllers/api/users_controller.rb:81:in `search'
Completed 200 OK in 33ms (Views: 0.9ms | ActiveRecord: 8.4ms | Allocations: 13900)


Started GET "/api/users/search?name=Ervin+Howell" for ::1 at 2025-01-04 12:50:37 -0600
Processing by Api::UsersController#search as HTML
  Parameters: {"name"=>"Ervin Howell"}
  [1m[36mUser Load (0.4ms)[0m  [1m[34mSELECT "users".* FROM "users" WHERE (users.name ILIKE '%Ervin Howell%')[0m
  ↳ app/controllers/api/users_controller.rb:81:in `search'
  [1m[36mAddress Load (0.2ms)[0m  [1m[34mSELECT "addresses".* FROM "addresses" WHERE "addresses"."id" = $1[0m  [["id", 2]]
  ↳ app/controllers/api/users_controller.rb:81:in `search'
  [1m[36mCompany Load (0.2ms)[0m  [1m[34mSELECT "companies".* FROM "companies" WHERE "companies"."id" = $1[0m  [["id", 2]]
  ↳ app/controllers/api/users_controller.rb:81:in `search'
Completed 200 OK in 5ms (Views: 0.2ms | ActiveRecord: 0.8ms | Allocations: 2346)


Started GET "/api/users/search?name=Ervin+Howell" for ::1 at 2025-01-04 12:52:54 -0600
Processing by Api::UsersController#search as HTML
  Parameters: {"name"=>"Ervin Howell"}
  [1m[36mUser Load (0.3ms)[0m  [1m[34mSELECT "users".* FROM "users" WHERE (users.name ILIKE '%Ervin Howell%')[0m
  ↳ app/controllers/api/users_controller.rb:81:in `search'
  [1m[36mAddress Load (0.2ms)[0m  [1m[34mSELECT "addresses".* FROM "addresses" WHERE "addresses"."id" = $1[0m  [["id", 2]]
  ↳ app/controllers/api/users_controller.rb:81:in `search'
  [1m[36mCompany Load (0.2ms)[0m  [1m[34mSELECT "companies".* FROM "companies" WHERE "companies"."id" = $1[0m  [["id", 2]]
  ↳ app/controllers/api/users_controller.rb:81:in `search'
Completed 200 OK in 32ms (Views: 0.2ms | ActiveRecord: 7.1ms | Allocations: 14278)


Started GET "/api/users/search?street_address=Victor+Plains" for ::1 at 2025-01-04 12:53:18 -0600
Processing by Api::UsersController#search as HTML
  Parameters: {"street_address"=>"Victor Plains"}
  [1m[36mUser Load (0.5ms)[0m  [1m[34mSELECT "users".* FROM "users" WHERE (addresses.street_address ILIKE '%Victor Plains%')[0m
  ↳ app/controllers/api/users_controller.rb:81:in `search'
Completed 500 Internal Server Error in 2ms (ActiveRecord: 0.5ms | Allocations: 643)


  
ActiveRecord::StatementInvalid (PG::UndefinedTable: ERROR:  missing FROM-clause entry for table "addresses"
LINE 1: SELECT "users".* FROM "users" WHERE (addresses.street_addres...
                                             ^
):
  
app/controllers/api/users_controller.rb:81:in `search'
Started GET "/api/users/search?street_address=Victor+Plains" for ::1 at 2025-01-04 12:54:33 -0600
Processing by Api::UsersController#search as HTML
  Parameters: {"street_address"=>"Victor Plains"}
  [1m[36mUser Load (0.4ms)[0m  [1m[34mSELECT "users".* FROM "users" WHERE (addresses.street_address ILIKE '%Victor Plains%')[0m
  ↳ app/controllers/api/users_controller.rb:81:in `search'
Completed 500 Internal Server Error in 6ms (ActiveRecord: 0.4ms | Allocations: 3371)


  
ActiveRecord::StatementInvalid (PG::UndefinedTable: ERROR:  missing FROM-clause entry for table "addresses"
LINE 1: SELECT "users".* FROM "users" WHERE (addresses.street_addres...
                                             ^
):
  
app/controllers/api/users_controller.rb:81:in `search'
Started GET "/api/users/search?street_address=Victor+Plains" for ::1 at 2025-01-04 12:55:58 -0600
Processing by Api::UsersController#search as HTML
  Parameters: {"street_address"=>"Victor Plains"}
  [1m[35mSQL (0.5ms)[0m  [1m[34mSELECT "users"."id" AS t0_r0, "users"."name" AS t0_r1, "users"."email" AS t0_r2, "users"."phone" AS t0_r3, "users"."username" AS t0_r4, "users"."address_id" AS t0_r5, "users"."company_id" AS t0_r6, "users"."created_at" AS t0_r7, "users"."updated_at" AS t0_r8, "addresses"."id" AS t1_r0, "addresses"."street" AS t1_r1, "addresses"."suite" AS t1_r2, "addresses"."city" AS t1_r3, "addresses"."zipcode" AS t1_r4, "addresses"."lat" AS t1_r5, "addresses"."lng" AS t1_r6, "addresses"."created_at" AS t1_r7, "addresses"."updated_at" AS t1_r8, "companies"."id" AS t2_r0, "companies"."name" AS t2_r1, "companies"."catch_phrase" AS t2_r2, "companies"."bs" AS t2_r3, "companies"."created_at" AS t2_r4, "companies"."updated_at" AS t2_r5 FROM "users" LEFT OUTER JOIN "addresses" ON "addresses"."id" = "users"."address_id" LEFT OUTER JOIN "companies" ON "companies"."id" = "users"."company_id" WHERE (addresses.street_address ILIKE '%Victor Plains%')[0m
  ↳ app/controllers/api/users_controller.rb:81:in `search'
Completed 500 Internal Server Error in 22ms (ActiveRecord: 6.9ms | Allocations: 8201)


  
ActiveRecord::StatementInvalid (PG::UndefinedColumn: ERROR:  column addresses.street_address does not exist
LINE 1: ...ON "companies"."id" = "users"."company_id" WHERE (addresses....
                                                             ^
):
  
app/controllers/api/users_controller.rb:81:in `search'
Started GET "/api/users/search?street_address=Victor+Plains" for ::1 at 2025-01-04 12:56:08 -0600
Processing by Api::UsersController#search as HTML
  Parameters: {"street_address"=>"Victor Plains"}
  [1m[35mSQL (0.5ms)[0m  [1m[34mSELECT "users"."id" AS t0_r0, "users"."name" AS t0_r1, "users"."email" AS t0_r2, "users"."phone" AS t0_r3, "users"."username" AS t0_r4, "users"."address_id" AS t0_r5, "users"."company_id" AS t0_r6, "users"."created_at" AS t0_r7, "users"."updated_at" AS t0_r8, "addresses"."id" AS t1_r0, "addresses"."street" AS t1_r1, "addresses"."suite" AS t1_r2, "addresses"."city" AS t1_r3, "addresses"."zipcode" AS t1_r4, "addresses"."lat" AS t1_r5, "addresses"."lng" AS t1_r6, "addresses"."created_at" AS t1_r7, "addresses"."updated_at" AS t1_r8, "companies"."id" AS t2_r0, "companies"."name" AS t2_r1, "companies"."catch_phrase" AS t2_r2, "companies"."bs" AS t2_r3, "companies"."created_at" AS t2_r4, "companies"."updated_at" AS t2_r5 FROM "users" LEFT OUTER JOIN "addresses" ON "addresses"."id" = "users"."address_id" LEFT OUTER JOIN "companies" ON "companies"."id" = "users"."company_id" WHERE (addresses.street_address ILIKE '%Victor Plains%')[0m
  ↳ app/controllers/api/users_controller.rb:81:in `search'
Completed 500 Internal Server Error in 18ms (ActiveRecord: 5.7ms | Allocations: 7984)


  
ActiveRecord::StatementInvalid (PG::UndefinedColumn: ERROR:  column addresses.street_address does not exist
LINE 1: ...ON "companies"."id" = "users"."company_id" WHERE (addresses....
                                                             ^
):
  
app/controllers/api/users_controller.rb:81:in `search'
Started GET "/api/users/search?street_address=Victor+Plains" for ::1 at 2025-01-04 12:58:01 -0600
Processing by Api::UsersController#search as HTML
  Parameters: {"street_address"=>"Victor Plains"}
  [1m[35mSQL (0.7ms)[0m  [1m[34mSELECT "users"."id" AS t0_r0, "users"."name" AS t0_r1, "users"."email" AS t0_r2, "users"."phone" AS t0_r3, "users"."username" AS t0_r4, "users"."address_id" AS t0_r5, "users"."company_id" AS t0_r6, "users"."created_at" AS t0_r7, "users"."updated_at" AS t0_r8, "addresses"."id" AS t1_r0, "addresses"."street" AS t1_r1, "addresses"."suite" AS t1_r2, "addresses"."city" AS t1_r3, "addresses"."zipcode" AS t1_r4, "addresses"."lat" AS t1_r5, "addresses"."lng" AS t1_r6, "addresses"."created_at" AS t1_r7, "addresses"."updated_at" AS t1_r8, "companies"."id" AS t2_r0, "companies"."name" AS t2_r1, "companies"."catch_phrase" AS t2_r2, "companies"."bs" AS t2_r3, "companies"."created_at" AS t2_r4, "companies"."updated_at" AS t2_r5 FROM "users" LEFT OUTER JOIN "addresses" ON "addresses"."id" = "users"."address_id" LEFT OUTER JOIN "companies" ON "companies"."id" = "users"."company_id" WHERE (addresses.street ILIKE '%Victor Plains%')[0m
  ↳ app/controllers/api/users_controller.rb:81:in `search'
Completed 200 OK in 44ms (Views: 0.2ms | ActiveRecord: 7.4ms | Allocations: 13004)


Started GET "/api/users/search?company_name=Deckow-Crist" for ::1 at 2025-01-04 12:59:25 -0600
Processing by Api::UsersController#search as HTML
  Parameters: {"company_name"=>"Deckow-Crist"}
  [1m[35mSQL (0.9ms)[0m  [1m[34mSELECT "users"."id" AS t0_r0, "users"."name" AS t0_r1, "users"."email" AS t0_r2, "users"."phone" AS t0_r3, "users"."username" AS t0_r4, "users"."address_id" AS t0_r5, "users"."company_id" AS t0_r6, "users"."created_at" AS t0_r7, "users"."updated_at" AS t0_r8, "addresses"."id" AS t1_r0, "addresses"."street" AS t1_r1, "addresses"."suite" AS t1_r2, "addresses"."city" AS t1_r3, "addresses"."zipcode" AS t1_r4, "addresses"."lat" AS t1_r5, "addresses"."lng" AS t1_r6, "addresses"."created_at" AS t1_r7, "addresses"."updated_at" AS t1_r8, "companies"."id" AS t2_r0, "companies"."name" AS t2_r1, "companies"."catch_phrase" AS t2_r2, "companies"."bs" AS t2_r3, "companies"."created_at" AS t2_r4, "companies"."updated_at" AS t2_r5 FROM "users" LEFT OUTER JOIN "addresses" ON "addresses"."id" = "users"."address_id" LEFT OUTER JOIN "companies" ON "companies"."id" = "users"."company_id" WHERE (companies.name ILIKE '%Deckow-Crist%')[0m
  ↳ app/controllers/api/users_controller.rb:81:in `search'
Completed 200 OK in 78ms (Views: 0.2ms | ActiveRecord: 19.1ms | Allocations: 12903)


Started GET "/api/users/search?company_name=Deckow-Crist" for ::1 at 2025-01-04 13:02:13 -0600
Processing by Api::UsersController#search as HTML
  Parameters: {"company_name"=>"Deckow-Crist"}
  [1m[35mSQL (0.5ms)[0m  [1m[34mSELECT "users"."id" AS t0_r0, "users"."name" AS t0_r1, "users"."email" AS t0_r2, "users"."phone" AS t0_r3, "users"."username" AS t0_r4, "users"."address_id" AS t0_r5, "users"."company_id" AS t0_r6, "users"."created_at" AS t0_r7, "users"."updated_at" AS t0_r8, "addresses"."id" AS t1_r0, "addresses"."street" AS t1_r1, "addresses"."suite" AS t1_r2, "addresses"."city" AS t1_r3, "addresses"."zipcode" AS t1_r4, "addresses"."lat" AS t1_r5, "addresses"."lng" AS t1_r6, "addresses"."created_at" AS t1_r7, "addresses"."updated_at" AS t1_r8, "companies"."id" AS t2_r0, "companies"."name" AS t2_r1, "companies"."catch_phrase" AS t2_r2, "companies"."bs" AS t2_r3, "companies"."created_at" AS t2_r4, "companies"."updated_at" AS t2_r5 FROM "users" LEFT OUTER JOIN "addresses" ON "addresses"."id" = "users"."address_id" LEFT OUTER JOIN "companies" ON "companies"."id" = "users"."company_id" WHERE (companies.name ILIKE '%Deckow-Crist%')[0m
  ↳ app/controllers/api/users_controller.rb:81:in `search'
Completed 200 OK in 30ms (Views: 0.2ms | ActiveRecord: 6.9ms | Allocations: 12868)


Started GET "/api/users/search?company_name=Deckow-Crist" for ::1 at 2025-01-04 13:03:37 -0600
Processing by Api::UsersController#search as HTML
  Parameters: {"company_name"=>"Deckow-Crist"}
  [1m[35mSQL (0.4ms)[0m  [1m[34mSELECT "users"."id" AS t0_r0, "users"."name" AS t0_r1, "users"."email" AS t0_r2, "users"."phone" AS t0_r3, "users"."username" AS t0_r4, "users"."address_id" AS t0_r5, "users"."company_id" AS t0_r6, "users"."created_at" AS t0_r7, "users"."updated_at" AS t0_r8, "addresses"."id" AS t1_r0, "addresses"."street" AS t1_r1, "addresses"."suite" AS t1_r2, "addresses"."city" AS t1_r3, "addresses"."zipcode" AS t1_r4, "addresses"."lat" AS t1_r5, "addresses"."lng" AS t1_r6, "addresses"."created_at" AS t1_r7, "addresses"."updated_at" AS t1_r8, "companies"."id" AS t2_r0, "companies"."name" AS t2_r1, "companies"."catch_phrase" AS t2_r2, "companies"."bs" AS t2_r3, "companies"."created_at" AS t2_r4, "companies"."updated_at" AS t2_r5 FROM "users" LEFT OUTER JOIN "addresses" ON "addresses"."id" = "users"."address_id" LEFT OUTER JOIN "companies" ON "companies"."id" = "users"."company_id" WHERE (companies.name ILIKE '%Deckow-Crist%')[0m
  ↳ app/controllers/api/users_controller.rb:81:in `search'
Completed 200 OK in 27ms (Views: 0.2ms | ActiveRecord: 6.6ms | Allocations: 12867)


Started GET "/api/users/search?company_name=Deckow-Crist" for ::1 at 2025-01-04 13:04:36 -0600
Processing by Api::UsersController#search as HTML
  Parameters: {"company_name"=>"Deckow-Crist"}
  [1m[35mSQL (0.5ms)[0m  [1m[34mSELECT "users"."id" AS t0_r0, "users"."name" AS t0_r1, "users"."email" AS t0_r2, "users"."phone" AS t0_r3, "users"."username" AS t0_r4, "users"."address_id" AS t0_r5, "users"."company_id" AS t0_r6, "users"."created_at" AS t0_r7, "users"."updated_at" AS t0_r8, "addresses"."id" AS t1_r0, "addresses"."street" AS t1_r1, "addresses"."suite" AS t1_r2, "addresses"."city" AS t1_r3, "addresses"."zipcode" AS t1_r4, "addresses"."lat" AS t1_r5, "addresses"."lng" AS t1_r6, "addresses"."created_at" AS t1_r7, "addresses"."updated_at" AS t1_r8, "companies"."id" AS t2_r0, "companies"."name" AS t2_r1, "companies"."catch_phrase" AS t2_r2, "companies"."bs" AS t2_r3, "companies"."created_at" AS t2_r4, "companies"."updated_at" AS t2_r5 FROM "users" LEFT OUTER JOIN "addresses" ON "addresses"."id" = "users"."address_id" LEFT OUTER JOIN "companies" ON "companies"."id" = "users"."company_id" WHERE (companies.name ILIKE '%Deckow-Crist%')[0m
  ↳ app/controllers/api/users_controller.rb:81:in `search'
Completed 200 OK in 29ms (Views: 0.2ms | ActiveRecord: 6.6ms | Allocations: 12862)


Started GET "/api/users/search?company_name=Deckow-Crist" for ::1 at 2025-01-04 13:07:36 -0600
Processing by Api::UsersController#search as HTML
  Parameters: {"company_name"=>"Deckow-Crist"}
  [1m[35mSQL (0.4ms)[0m  [1m[34mSELECT "users"."id" AS t0_r0, "users"."name" AS t0_r1, "users"."email" AS t0_r2, "users"."phone" AS t0_r3, "users"."username" AS t0_r4, "users"."address_id" AS t0_r5, "users"."company_id" AS t0_r6, "users"."created_at" AS t0_r7, "users"."updated_at" AS t0_r8, "addresses"."id" AS t1_r0, "addresses"."street" AS t1_r1, "addresses"."suite" AS t1_r2, "addresses"."city" AS t1_r3, "addresses"."zipcode" AS t1_r4, "addresses"."lat" AS t1_r5, "addresses"."lng" AS t1_r6, "addresses"."created_at" AS t1_r7, "addresses"."updated_at" AS t1_r8, "companies"."id" AS t2_r0, "companies"."name" AS t2_r1, "companies"."catch_phrase" AS t2_r2, "companies"."bs" AS t2_r3, "companies"."created_at" AS t2_r4, "companies"."updated_at" AS t2_r5 FROM "users" LEFT OUTER JOIN "addresses" ON "addresses"."id" = "users"."address_id" LEFT OUTER JOIN "companies" ON "companies"."id" = "users"."company_id" WHERE (companies.name ILIKE '%Deckow-Crist%')[0m
  ↳ app/controllers/api/users_controller.rb:81:in `search'
Completed 200 OK in 26ms (Views: 0.2ms | ActiveRecord: 6.7ms | Allocations: 12862)


Started GET "/api/users/search?company_name=Deckow-Crist" for ::1 at 2025-01-04 13:10:57 -0600
Processing by Api::UsersController#search as HTML
  Parameters: {"company_name"=>"Deckow-Crist"}
  [1m[35mSQL (0.4ms)[0m  [1m[34mSELECT "users"."id" AS t0_r0, "users"."name" AS t0_r1, "users"."email" AS t0_r2, "users"."phone" AS t0_r3, "users"."username" AS t0_r4, "users"."address_id" AS t0_r5, "users"."company_id" AS t0_r6, "users"."created_at" AS t0_r7, "users"."updated_at" AS t0_r8, "addresses"."id" AS t1_r0, "addresses"."street" AS t1_r1, "addresses"."suite" AS t1_r2, "addresses"."city" AS t1_r3, "addresses"."zipcode" AS t1_r4, "addresses"."lat" AS t1_r5, "addresses"."lng" AS t1_r6, "addresses"."created_at" AS t1_r7, "addresses"."updated_at" AS t1_r8, "companies"."id" AS t2_r0, "companies"."name" AS t2_r1, "companies"."catch_phrase" AS t2_r2, "companies"."bs" AS t2_r3, "companies"."created_at" AS t2_r4, "companies"."updated_at" AS t2_r5 FROM "users" LEFT OUTER JOIN "addresses" ON "addresses"."id" = "users"."address_id" LEFT OUTER JOIN "companies" ON "companies"."id" = "users"."company_id" WHERE (companies.name ILIKE '%Deckow-Crist%')[0m
  ↳ app/controllers/api/users_controller.rb:81:in `search'
Completed 200 OK in 27ms (Views: 0.2ms | ActiveRecord: 6.3ms | Allocations: 12917)


Started GET "/api/users/search?company_name=Deckow-Crist" for ::1 at 2025-01-04 13:11:55 -0600
Processing by Api::UsersController#search as HTML
  Parameters: {"company_name"=>"Deckow-Crist"}
  [1m[35mSQL (0.5ms)[0m  [1m[34mSELECT "users"."id" AS t0_r0, "users"."name" AS t0_r1, "users"."email" AS t0_r2, "users"."phone" AS t0_r3, "users"."username" AS t0_r4, "users"."address_id" AS t0_r5, "users"."company_id" AS t0_r6, "users"."created_at" AS t0_r7, "users"."updated_at" AS t0_r8, "addresses"."id" AS t1_r0, "addresses"."street" AS t1_r1, "addresses"."suite" AS t1_r2, "addresses"."city" AS t1_r3, "addresses"."zipcode" AS t1_r4, "addresses"."lat" AS t1_r5, "addresses"."lng" AS t1_r6, "addresses"."created_at" AS t1_r7, "addresses"."updated_at" AS t1_r8, "companies"."id" AS t2_r0, "companies"."name" AS t2_r1, "companies"."catch_phrase" AS t2_r2, "companies"."bs" AS t2_r3, "companies"."created_at" AS t2_r4, "companies"."updated_at" AS t2_r5 FROM "users" LEFT OUTER JOIN "addresses" ON "addresses"."id" = "users"."address_id" LEFT OUTER JOIN "companies" ON "companies"."id" = "users"."company_id" WHERE (companies.name ILIKE '%Deckow-Crist%')[0m
  ↳ app/controllers/api/users_controller.rb:81:in `search'
Completed 200 OK in 25ms (Views: 0.3ms | ActiveRecord: 6.9ms | Allocations: 12864)


Started GET "/api/users/search?company_name=Deckow-Crist" for ::1 at 2025-01-04 13:38:37 -0600
Processing by Api::UsersController#search as HTML
  Parameters: {"company_name"=>"Deckow-Crist"}
  [1m[35mSQL (1.7ms)[0m  [1m[34mSELECT "users"."id" AS t0_r0, "users"."name" AS t0_r1, "users"."email" AS t0_r2, "users"."phone" AS t0_r3, "users"."username" AS t0_r4, "users"."address_id" AS t0_r5, "users"."company_id" AS t0_r6, "users"."created_at" AS t0_r7, "users"."updated_at" AS t0_r8, "addresses"."id" AS t1_r0, "addresses"."street" AS t1_r1, "addresses"."suite" AS t1_r2, "addresses"."city" AS t1_r3, "addresses"."zipcode" AS t1_r4, "addresses"."lat" AS t1_r5, "addresses"."lng" AS t1_r6, "addresses"."created_at" AS t1_r7, "addresses"."updated_at" AS t1_r8, "companies"."id" AS t2_r0, "companies"."name" AS t2_r1, "companies"."catch_phrase" AS t2_r2, "companies"."bs" AS t2_r3, "companies"."created_at" AS t2_r4, "companies"."updated_at" AS t2_r5 FROM "users" LEFT OUTER JOIN "addresses" ON "addresses"."id" = "users"."address_id" LEFT OUTER JOIN "companies" ON "companies"."id" = "users"."company_id" WHERE (companies.name ILIKE '%Deckow-Crist%')[0m
  ↳ app/controllers/api/users_controller.rb:81:in `search'
Completed 200 OK in 39ms (Views: 0.2ms | ActiveRecord: 10.1ms | Allocations: 14799)


  [1m[36mUser Load (1.9ms)[0m  [1m[34mSELECT "users".* FROM "users" ORDER BY "users"."id" DESC LIMIT $1[0m  [["LIMIT", 1]]
  [1m[36mCompany Load (1.2ms)[0m  [1m[34mSELECT "companies".* FROM "companies" WHERE "companies"."id" = $1 LIMIT $2[0m  [["id", 10], ["LIMIT", 1]]
Started GET "/api/users/index" for ::1 at 2025-01-06 18:05:37 -0600
  
ActionController::RoutingError (No route matches [GET] "/api/users/index"):
  
Started GET "/api/users" for ::1 at 2025-01-06 18:06:05 -0600
Processing by Api::UsersController#index as HTML
  [1m[36mUser Load (1.2ms)[0m  [1m[34mSELECT "users".* FROM "users"[0m
  ↳ app/controllers/api/users_controller.rb:7:in `index'
  [1m[36mAddress Load (12.9ms)[0m  [1m[34mSELECT "addresses".* FROM "addresses" WHERE "addresses"."id" IN ($1, $2, $3, $4, $5, $6, $7, $8, $9, $10)[0m  [["id", 1], ["id", 2], ["id", 3], ["id", 4], ["id", 5], ["id", 6], ["id", 7], ["id", 8], ["id", 9], ["id", 10]]
  ↳ app/controllers/api/users_controller.rb:7:in `index'
  [1m[36mCompany Load (1.7ms)[0m  [1m[34mSELECT "companies".* FROM "companies" WHERE "companies"."id" IN ($1, $2, $3, $4, $5, $6, $7, $8, $9, $10)[0m  [["id", 1], ["id", 2], ["id", 3], ["id", 4], ["id", 5], ["id", 6], ["id", 7], ["id", 8], ["id", 9], ["id", 10]]
  ↳ app/controllers/api/users_controller.rb:7:in `index'
Completed 200 OK in 396ms (Views: 6.9ms | ActiveRecord: 54.4ms | Allocations: 18231)


Started GET "/api/users" for ::1 at 2025-01-06 18:06:36 -0600
Processing by Api::UsersController#index as HTML
  [1m[36mUser Load (0.3ms)[0m  [1m[34mSELECT "users".* FROM "users"[0m
  ↳ app/controllers/api/users_controller.rb:7:in `index'
  [1m[36mAddress Load (0.5ms)[0m  [1m[34mSELECT "addresses".* FROM "addresses" WHERE "addresses"."id" IN ($1, $2, $3, $4, $5, $6, $7, $8, $9, $10)[0m  [["id", 1], ["id", 2], ["id", 3], ["id", 4], ["id", 5], ["id", 6], ["id", 7], ["id", 8], ["id", 9], ["id", 10]]
  ↳ app/controllers/api/users_controller.rb:7:in `index'
  [1m[36mCompany Load (0.4ms)[0m  [1m[34mSELECT "companies".* FROM "companies" WHERE "companies"."id" IN ($1, $2, $3, $4, $5, $6, $7, $8, $9, $10)[0m  [["id", 1], ["id", 2], ["id", 3], ["id", 4], ["id", 5], ["id", 6], ["id", 7], ["id", 8], ["id", 9], ["id", 10]]
  ↳ app/controllers/api/users_controller.rb:7:in `index'
Completed 200 OK in 140ms (Views: 6.9ms | ActiveRecord: 18.6ms | Allocations: 16281)


Started GET "/api/users" for ::1 at 2025-01-06 18:11:06 -0600
Processing by Api::UsersController#index as HTML
  [1m[36mUser Load (0.4ms)[0m  [1m[34mSELECT "users".* FROM "users"[0m
  ↳ app/controllers/api/users_controller.rb:7:in `index'
  [1m[36mAddress Load (0.3ms)[0m  [1m[34mSELECT "addresses".* FROM "addresses" WHERE "addresses"."id" IN ($1, $2, $3, $4, $5, $6, $7, $8, $9, $10)[0m  [["id", 1], ["id", 2], ["id", 3], ["id", 4], ["id", 5], ["id", 6], ["id", 7], ["id", 8], ["id", 9], ["id", 10]]
  ↳ app/controllers/api/users_controller.rb:7:in `index'
  [1m[36mCompany Load (0.3ms)[0m  [1m[34mSELECT "companies".* FROM "companies" WHERE "companies"."id" IN ($1, $2, $3, $4, $5, $6, $7, $8, $9, $10)[0m  [["id", 1], ["id", 2], ["id", 3], ["id", 4], ["id", 5], ["id", 6], ["id", 7], ["id", 8], ["id", 9], ["id", 10]]
  ↳ app/controllers/api/users_controller.rb:7:in `index'
Completed 500 Internal Server Error in 204ms (ActiveRecord: 12.7ms | Allocations: 18273)


  
NoMethodError (undefined method `companyName' for #<User:0x00007f79201ed020>
Did you mean?  company_name):
  
app/controllers/api/users_controller.rb:7:in `index'
Started GET "/api/users" for ::1 at 2025-01-06 18:11:52 -0600
Processing by Api::UsersController#index as HTML
  [1m[36mUser Load (1.0ms)[0m  [1m[34mSELECT "users".* FROM "users"[0m
  ↳ app/controllers/api/users_controller.rb:7:in `index'
  [1m[36mAddress Load (0.4ms)[0m  [1m[34mSELECT "addresses".* FROM "addresses" WHERE "addresses"."id" IN ($1, $2, $3, $4, $5, $6, $7, $8, $9, $10)[0m  [["id", 1], ["id", 2], ["id", 3], ["id", 4], ["id", 5], ["id", 6], ["id", 7], ["id", 8], ["id", 9], ["id", 10]]
  ↳ app/controllers/api/users_controller.rb:7:in `index'
  [1m[36mCompany Load (1.0ms)[0m  [1m[34mSELECT "companies".* FROM "companies" WHERE "companies"."id" IN ($1, $2, $3, $4, $5, $6, $7, $8, $9, $10)[0m  [["id", 1], ["id", 2], ["id", 3], ["id", 4], ["id", 5], ["id", 6], ["id", 7], ["id", 8], ["id", 9], ["id", 10]]
  ↳ app/controllers/api/users_controller.rb:7:in `index'
Completed 200 OK in 39ms (Views: 0.9ms | ActiveRecord: 11.2ms | Allocations: 16225)


  [1m[35m (1.1ms)[0m  [1m[34mSELECT pg_try_advisory_lock(371696067228428775)[0m
  [1m[36mActiveRecord::SchemaMigration Pluck (3.7ms)[0m  [1m[34mSELECT "schema_migrations"."version" FROM "schema_migrations" ORDER BY "schema_migrations"."version" ASC[0m
Migrating to ChangeTable (20250107191127)
  [1m[36mTRANSACTION (14.3ms)[0m  [1m[35mBEGIN[0m
  [1m[35m (24.7ms)[0m  [1m[35mALTER TABLE "users" ALTER COLUMN "name" TYPE character varying, ALTER COLUMN "name" SET NOT NULL[0m
  [1m[35m (2.6ms)[0m  [1m[35mALTER TABLE "user" ALTER COLUMN "username" TYPE character varying, ALTER COLUMN "username" SET NOT NULL[0m
  [1m[36mTRANSACTION (0.1ms)[0m  [1m[31mROLLBACK[0m
  [1m[35m (0.4ms)[0m  [1m[34mSELECT pg_advisory_unlock(371696067228428775)[0m
  [1m[35m (0.1ms)[0m  [1m[34mSELECT pg_try_advisory_lock(371696067228428775)[0m
  [1m[36mActiveRecord::SchemaMigration Pluck (0.9ms)[0m  [1m[34mSELECT "schema_migrations"."version" FROM "schema_migrations" ORDER BY "schema_migrations"."version" ASC[0m
Migrating to ChangeTable (20250107191127)
  [1m[36mTRANSACTION (0.2ms)[0m  [1m[35mBEGIN[0m
  [1m[35m (1.2ms)[0m  [1m[35mALTER TABLE "users" ALTER COLUMN "name" TYPE character varying, ALTER COLUMN "name" SET NOT NULL[0m
  [1m[35m (0.4ms)[0m  [1m[35mALTER TABLE "users" ALTER COLUMN "username" TYPE character varying, ALTER COLUMN "username" SET NOT NULL[0m
  [1m[35m (0.5ms)[0m  [1m[35mALTER TABLE "addresses" ALTER COLUMN "street" TYPE character varying, ALTER COLUMN "street" SET NOT NULL[0m
  [1m[35m (14.5ms)[0m  [1m[35mALTER TABLE "companies" ALTER COLUMN "name" TYPE character varying, ALTER COLUMN "name" SET NOT NULL[0m
  [1m[36mActiveRecord::SchemaMigration Create (0.4ms)[0m  [1m[32mINSERT INTO "schema_migrations" ("version") VALUES ($1) RETURNING "version"[0m  [["version", "20250107191127"]]
  [1m[36mTRANSACTION (1.5ms)[0m  [1m[35mCOMMIT[0m
  [1m[36mActiveRecord::InternalMetadata Load (1.0ms)[0m  [1m[34mSELECT "ar_internal_metadata".* FROM "ar_internal_metadata" WHERE "ar_internal_metadata"."key" = $1 LIMIT $2[0m  [["key", "environment"], ["LIMIT", 1]]
  [1m[35m (0.3ms)[0m  [1m[34mSELECT pg_advisory_unlock(371696067228428775)[0m
  [1m[36mActiveRecord::SchemaMigration Pluck (0.9ms)[0m  [1m[34mSELECT "schema_migrations"."version" FROM "schema_migrations" ORDER BY "schema_migrations"."version" ASC[0m
